2023-10-27 13:57:01.028[INFO]  LOG_FILE_DIR is ./logs\tracelog
2023-10-27 13:57:01.029[INFO]  ./logs\tracelog\tracer-self.log -> ./logs\tracelog\tracer-self.log.2023-10-26
2023-10-27 13:57:01.281[INFO]  ./logs\tracelog\static-info.log -> ./logs\tracelog\static-info.log.2023-10-26
2023-10-27 13:57:01.285[WARN]  rpc-client-stat.log configured stat_log_interval=60 second and default cycle=60
2023-10-27 13:57:01.289[WARN]  rpc-server-stat.log configured stat_log_interval=60 second and default cycle=60
2023-10-27 14:02:21.501[INFO]  LOG_FILE_DIR is ./logs\tracelog
2023-10-27 14:02:21.737[WARN]  rpc-client-stat.log configured stat_log_interval=60 second and default cycle=60
2023-10-27 14:02:21.742[WARN]  rpc-server-stat.log configured stat_log_interval=60 second and default cycle=60
2023-10-27 15:16:20.330[INFO]  LOG_FILE_DIR is ./logs\tracelog
2023-10-27 15:16:20.770[WARN]  rpc-client-stat.log configured stat_log_interval=60 second and default cycle=60
2023-10-27 15:16:20.776[WARN]  rpc-server-stat.log configured stat_log_interval=60 second and default cycle=60
2023-10-27 15:23:13.502[INFO]  LOG_FILE_DIR is ./logs\tracelog
2023-10-27 15:23:13.779[WARN]  rpc-client-stat.log configured stat_log_interval=60 second and default cycle=60
2023-10-27 15:23:13.784[WARN]  rpc-server-stat.log configured stat_log_interval=60 second and default cycle=60
2023-10-27 15:30:57.107[INFO]  LOG_FILE_DIR is ./logs\tracelog
2023-10-27 15:30:57.355[WARN]  rpc-client-stat.log configured stat_log_interval=60 second and default cycle=60
2023-10-27 15:30:57.358[WARN]  rpc-server-stat.log configured stat_log_interval=60 second and default cycle=60
2023-10-27 15:44:39.625[INFO]  LOG_FILE_DIR is ./logs\tracelog
2023-10-27 15:44:39.879[WARN]  rpc-client-stat.log configured stat_log_interval=60 second and default cycle=60
2023-10-27 15:44:39.884[WARN]  rpc-server-stat.log configured stat_log_interval=60 second and default cycle=60
2023-10-27 17:12:50.495[INFO]  LOG_FILE_DIR is ./logs\tracelog
2023-10-27 17:12:50.748[WARN]  rpc-client-stat.log configured stat_log_interval=60 second and default cycle=60
2023-10-27 17:12:50.752[WARN]  rpc-server-stat.log configured stat_log_interval=60 second and default cycle=60
2023-10-27 17:13:16.108[INFO]  LOG_FILE_DIR is ./logs\tracelog
2023-10-27 17:13:16.347[WARN]  rpc-client-stat.log configured stat_log_interval=60 second and default cycle=60
2023-10-27 17:13:16.351[WARN]  rpc-server-stat.log configured stat_log_interval=60 second and default cycle=60
2023-10-27 17:13:30.730[INFO]  LOG_FILE_DIR is ./logs\tracelog
2023-10-27 17:13:30.977[WARN]  rpc-client-stat.log configured stat_log_interval=60 second and default cycle=60
2023-10-27 17:13:30.982[WARN]  rpc-server-stat.log configured stat_log_interval=60 second and default cycle=60
2023-10-27 17:52:10.268[INFO]  LOG_FILE_DIR is ./logs\tracelog
2023-10-27 17:52:10.553[WARN]  rpc-client-stat.log configured stat_log_interval=60 second and default cycle=60
2023-10-27 17:52:10.559[WARN]  rpc-server-stat.log configured stat_log_interval=60 second and default cycle=60
2023-10-27 17:52:16.283[INFO]  LOG_FILE_DIR is ./logs\tracelog
2023-10-27 17:52:16.541[WARN]  rpc-client-stat.log configured stat_log_interval=60 second and default cycle=60
2023-10-27 17:52:16.546[WARN]  rpc-server-stat.log configured stat_log_interval=60 second and default cycle=60
2023-10-27 17:52:21.835[INFO]  LOG_FILE_DIR is ./logs\tracelog
2023-10-27 17:52:22.094[WARN]  rpc-client-stat.log configured stat_log_interval=60 second and default cycle=60
2023-10-27 17:52:22.098[WARN]  rpc-server-stat.log configured stat_log_interval=60 second and default cycle=60
2023-10-27 19:02:09.501[INFO]  LOG_FILE_DIR is ./logs\tracelog
2023-10-27 19:02:09.738[WARN]  rpc-client-stat.log configured stat_log_interval=60 second and default cycle=60
2023-10-27 19:02:09.743[WARN]  rpc-server-stat.log configured stat_log_interval=60 second and default cycle=60
2023-10-27 19:02:26.617[INFO]  LOG_FILE_DIR is ./logs\tracelog
2023-10-27 19:02:26.857[WARN]  rpc-client-stat.log configured stat_log_interval=60 second and default cycle=60
2023-10-27 19:02:26.861[WARN]  rpc-server-stat.log configured stat_log_interval=60 second and default cycle=60
2023-10-27 19:17:39.273[INFO]  LOG_FILE_DIR is ./logs\tracelog
2023-10-27 19:17:39.510[WARN]  rpc-client-stat.log configured stat_log_interval=60 second and default cycle=60
2023-10-27 19:17:39.514[WARN]  rpc-server-stat.log configured stat_log_interval=60 second and default cycle=60
2023-10-27 19:17:57.254[INFO]  LOG_FILE_DIR is ./logs\tracelog
2023-10-27 19:17:57.501[WARN]  rpc-client-stat.log configured stat_log_interval=60 second and default cycle=60
2023-10-27 19:17:57.506[WARN]  rpc-server-stat.log configured stat_log_interval=60 second and default cycle=60
2023-10-27 19:19:07.432[INFO]  LOG_FILE_DIR is ./logs\tracelog
2023-10-27 19:19:07.673[WARN]  rpc-client-stat.log configured stat_log_interval=60 second and default cycle=60
2023-10-27 19:19:07.677[WARN]  rpc-server-stat.log configured stat_log_interval=60 second and default cycle=60
2023-10-27 19:22:52.190[INFO]  LOG_FILE_DIR is ./logs\tracelog
2023-10-27 19:22:52.433[WARN]  rpc-client-stat.log configured stat_log_interval=60 second and default cycle=60
2023-10-27 19:22:52.439[WARN]  rpc-server-stat.log configured stat_log_interval=60 second and default cycle=60
2023-10-27 19:23:25.538[INFO]  LOG_FILE_DIR is ./logs\tracelog
2023-10-27 19:23:25.793[WARN]  rpc-client-stat.log configured stat_log_interval=60 second and default cycle=60
2023-10-27 19:23:25.798[WARN]  rpc-server-stat.log configured stat_log_interval=60 second and default cycle=60
2023-10-27 19:25:56.049[INFO]  LOG_FILE_DIR is ./logs\tracelog
2023-10-27 19:25:56.289[WARN]  rpc-client-stat.log configured stat_log_interval=60 second and default cycle=60
2023-10-27 19:25:56.294[WARN]  rpc-server-stat.log configured stat_log_interval=60 second and default cycle=60
2023-10-27 19:26:12.607[INFO]  LOG_FILE_DIR is ./logs\tracelog
2023-10-27 19:26:12.848[WARN]  rpc-client-stat.log configured stat_log_interval=60 second and default cycle=60
2023-10-27 19:26:12.853[WARN]  rpc-server-stat.log configured stat_log_interval=60 second and default cycle=60
2023-10-27 19:26:58.507[INFO]  LOG_FILE_DIR is ./logs\tracelog
2023-10-27 19:26:58.744[WARN]  rpc-client-stat.log configured stat_log_interval=60 second and default cycle=60
2023-10-27 19:26:58.749[WARN]  rpc-server-stat.log configured stat_log_interval=60 second and default cycle=60
2023-10-27 19:29:03.561[INFO]  LOG_FILE_DIR is ./logs\tracelog
2023-10-27 19:29:03.829[WARN]  rpc-client-stat.log configured stat_log_interval=60 second and default cycle=60
2023-10-27 19:29:03.832[WARN]  rpc-server-stat.log configured stat_log_interval=60 second and default cycle=60
2023-10-27 19:29:22.715[INFO]  LOG_FILE_DIR is ./logs\tracelog
2023-10-27 19:29:22.960[WARN]  rpc-client-stat.log configured stat_log_interval=60 second and default cycle=60
2023-10-27 19:29:22.966[WARN]  rpc-server-stat.log configured stat_log_interval=60 second and default cycle=60
2023-10-27 19:29:43.607[INFO]  LOG_FILE_DIR is ./logs\tracelog
2023-10-27 19:29:43.852[WARN]  rpc-client-stat.log configured stat_log_interval=60 second and default cycle=60
2023-10-27 19:29:43.858[WARN]  rpc-server-stat.log configured stat_log_interval=60 second and default cycle=60
2023-10-27 19:33:43.589[INFO]  LOG_FILE_DIR is ./logs\tracelog
2023-10-27 19:33:43.855[WARN]  rpc-client-stat.log configured stat_log_interval=60 second and default cycle=60
2023-10-27 19:33:43.859[WARN]  rpc-server-stat.log configured stat_log_interval=60 second and default cycle=60
2023-10-27 19:34:00.156[INFO]  LOG_FILE_DIR is ./logs\tracelog
2023-10-27 19:34:00.403[WARN]  rpc-client-stat.log configured stat_log_interval=60 second and default cycle=60
2023-10-27 19:34:00.407[WARN]  rpc-server-stat.log configured stat_log_interval=60 second and default cycle=60
2023-10-27 19:34:26.411[INFO]  LOG_FILE_DIR is ./logs\tracelog
2023-10-27 19:34:26.652[WARN]  rpc-client-stat.log configured stat_log_interval=60 second and default cycle=60
2023-10-27 19:34:26.656[WARN]  rpc-server-stat.log configured stat_log_interval=60 second and default cycle=60
2023-10-27 19:35:55.698[INFO]  LOG_FILE_DIR is ./logs\tracelog
2023-10-27 19:35:55.938[WARN]  rpc-client-stat.log configured stat_log_interval=60 second and default cycle=60
2023-10-27 19:35:55.944[WARN]  rpc-server-stat.log configured stat_log_interval=60 second and default cycle=60
2023-10-27 19:38:08.862[INFO]  LOG_FILE_DIR is ./logs\tracelog
2023-10-27 19:38:09.110[WARN]  rpc-client-stat.log configured stat_log_interval=60 second and default cycle=60
2023-10-27 19:38:09.114[WARN]  rpc-server-stat.log configured stat_log_interval=60 second and default cycle=60
2023-10-27 19:39:52.598[INFO]  LOG_FILE_DIR is ./logs\tracelog
2023-10-27 19:39:52.840[WARN]  rpc-client-stat.log configured stat_log_interval=60 second and default cycle=60
2023-10-27 19:39:52.844[WARN]  rpc-server-stat.log configured stat_log_interval=60 second and default cycle=60
2023-10-27 19:51:46.532[INFO]  LOG_FILE_DIR is ./logs\tracelog
2023-10-27 19:51:46.775[WARN]  rpc-client-stat.log configured stat_log_interval=60 second and default cycle=60
2023-10-27 19:51:46.779[WARN]  rpc-server-stat.log configured stat_log_interval=60 second and default cycle=60
2023-10-27 19:52:04.630[INFO]  LOG_FILE_DIR is ./logs\tracelog
2023-10-27 19:52:04.874[WARN]  rpc-client-stat.log configured stat_log_interval=60 second and default cycle=60
2023-10-27 19:52:04.878[WARN]  rpc-server-stat.log configured stat_log_interval=60 second and default cycle=60
2023-10-27 19:52:21.686[INFO]  LOG_FILE_DIR is ./logs\tracelog
2023-10-27 19:52:21.937[WARN]  rpc-client-stat.log configured stat_log_interval=60 second and default cycle=60
2023-10-27 19:52:21.942[WARN]  rpc-server-stat.log configured stat_log_interval=60 second and default cycle=60
2023-10-27 20:03:59.050[INFO]  LOG_FILE_DIR is ./logs\tracelog
2023-10-27 20:03:59.294[WARN]  rpc-client-stat.log configured stat_log_interval=60 second and default cycle=60
2023-10-27 20:03:59.298[WARN]  rpc-server-stat.log configured stat_log_interval=60 second and default cycle=60
2023-10-27 20:04:17.373[INFO]  LOG_FILE_DIR is ./logs\tracelog
2023-10-27 20:04:17.616[WARN]  rpc-client-stat.log configured stat_log_interval=60 second and default cycle=60
2023-10-27 20:04:17.619[WARN]  rpc-server-stat.log configured stat_log_interval=60 second and default cycle=60
2023-10-27 20:04:55.035[INFO]  LOG_FILE_DIR is ./logs\tracelog
2023-10-27 20:04:55.276[WARN]  rpc-client-stat.log configured stat_log_interval=60 second and default cycle=60
2023-10-27 20:04:55.282[WARN]  rpc-server-stat.log configured stat_log_interval=60 second and default cycle=60
2023-10-27 20:14:02.566[INFO]  LOG_FILE_DIR is ./logs\tracelog
2023-10-27 20:14:02.809[WARN]  rpc-client-stat.log configured stat_log_interval=60 second and default cycle=60
2023-10-27 20:14:02.813[WARN]  rpc-server-stat.log configured stat_log_interval=60 second and default cycle=60
2023-10-27 20:16:36.491[INFO]  LOG_FILE_DIR is ./logs\tracelog
2023-10-27 20:16:36.735[WARN]  rpc-client-stat.log configured stat_log_interval=60 second and default cycle=60
2023-10-27 20:16:36.742[WARN]  rpc-server-stat.log configured stat_log_interval=60 second and default cycle=60
2023-10-27 20:21:07.934[INFO]  LOG_FILE_DIR is ./logs\tracelog
2023-10-27 20:21:08.178[WARN]  rpc-client-stat.log configured stat_log_interval=60 second and default cycle=60
2023-10-27 20:21:08.182[WARN]  rpc-server-stat.log configured stat_log_interval=60 second and default cycle=60
2023-10-27 20:23:11.719[INFO]  LOG_FILE_DIR is ./logs\tracelog
2023-10-27 20:23:11.962[WARN]  rpc-client-stat.log configured stat_log_interval=60 second and default cycle=60
2023-10-27 20:23:11.966[WARN]  rpc-server-stat.log configured stat_log_interval=60 second and default cycle=60
2023-10-27 20:34:10.959[INFO]  LOG_FILE_DIR is ./logs\tracelog
2023-10-27 20:34:11.207[WARN]  rpc-client-stat.log configured stat_log_interval=60 second and default cycle=60
2023-10-27 20:34:11.212[WARN]  rpc-server-stat.log configured stat_log_interval=60 second and default cycle=60
2023-10-27 20:34:30.206[INFO]  LOG_FILE_DIR is ./logs\tracelog
2023-10-27 20:34:30.449[WARN]  rpc-client-stat.log configured stat_log_interval=60 second and default cycle=60
2023-10-27 20:34:30.453[WARN]  rpc-server-stat.log configured stat_log_interval=60 second and default cycle=60
2023-10-27 20:34:50.764[INFO]  LOG_FILE_DIR is ./logs\tracelog
2023-10-27 20:34:51.006[WARN]  rpc-client-stat.log configured stat_log_interval=60 second and default cycle=60
2023-10-27 20:34:51.010[WARN]  rpc-server-stat.log configured stat_log_interval=60 second and default cycle=60
2023-10-27 20:35:04.589[INFO]  LOG_FILE_DIR is ./logs\tracelog
2023-10-27 20:35:04.834[WARN]  rpc-client-stat.log configured stat_log_interval=60 second and default cycle=60
2023-10-27 20:35:04.840[WARN]  rpc-server-stat.log configured stat_log_interval=60 second and default cycle=60
2023-10-27 20:53:59.467[INFO]  LOG_FILE_DIR is ./logs\tracelog
2023-10-27 20:53:59.712[WARN]  rpc-client-stat.log configured stat_log_interval=60 second and default cycle=60
2023-10-27 20:53:59.723[WARN]  rpc-server-stat.log configured stat_log_interval=60 second and default cycle=60
2023-10-27 20:57:44.504[INFO]  LOG_FILE_DIR is ./logs\tracelog
2023-10-27 20:57:44.741[WARN]  rpc-client-stat.log configured stat_log_interval=60 second and default cycle=60
2023-10-27 20:57:44.745[WARN]  rpc-server-stat.log configured stat_log_interval=60 second and default cycle=60
2023-10-27 21:32:50.872[INFO]  LOG_FILE_DIR is ./logs\tracelog
2023-10-27 21:32:51.113[WARN]  rpc-client-stat.log configured stat_log_interval=60 second and default cycle=60
2023-10-27 21:32:51.118[WARN]  rpc-server-stat.log configured stat_log_interval=60 second and default cycle=60
2023-10-27 22:22:02.373[INFO]  LOG_FILE_DIR is ./logs\tracelog
2023-10-27 22:22:02.628[WARN]  rpc-client-stat.log configured stat_log_interval=60 second and default cycle=60
2023-10-27 22:22:02.632[WARN]  rpc-server-stat.log configured stat_log_interval=60 second and default cycle=60
2023-10-27 22:23:01.531[INFO]  LOG_FILE_DIR is ./logs\tracelog
2023-10-27 22:23:01.821[WARN]  rpc-client-stat.log configured stat_log_interval=60 second and default cycle=60
2023-10-27 22:23:01.826[WARN]  rpc-server-stat.log configured stat_log_interval=60 second and default cycle=60
2023-10-27 22:32:27.637[INFO]  LOG_FILE_DIR is ./logs\tracelog
2023-10-27 22:32:27.872[WARN]  rpc-client-stat.log configured stat_log_interval=60 second and default cycle=60
2023-10-27 22:32:27.878[WARN]  rpc-server-stat.log configured stat_log_interval=60 second and default cycle=60
2023-10-27 22:34:29.458[INFO]  LOG_FILE_DIR is ./logs\tracelog
2023-10-27 22:34:29.702[WARN]  rpc-client-stat.log configured stat_log_interval=60 second and default cycle=60
2023-10-27 22:34:29.707[WARN]  rpc-server-stat.log configured stat_log_interval=60 second and default cycle=60
2023-10-27 22:37:33.887[INFO]  LOG_FILE_DIR is ./logs\tracelog
2023-10-27 22:37:34.128[WARN]  rpc-client-stat.log configured stat_log_interval=60 second and default cycle=60
2023-10-27 22:37:34.132[WARN]  rpc-server-stat.log configured stat_log_interval=60 second and default cycle=60
2023-10-27 22:37:55.066[INFO]  LOG_FILE_DIR is ./logs\tracelog
2023-10-27 22:37:55.308[WARN]  rpc-client-stat.log configured stat_log_interval=60 second and default cycle=60
2023-10-27 22:37:55.312[WARN]  rpc-server-stat.log configured stat_log_interval=60 second and default cycle=60
2023-10-27 22:39:08.569[INFO]  LOG_FILE_DIR is ./logs\tracelog
2023-10-27 22:39:08.811[WARN]  rpc-client-stat.log configured stat_log_interval=60 second and default cycle=60
2023-10-27 22:39:08.816[WARN]  rpc-server-stat.log configured stat_log_interval=60 second and default cycle=60
2023-10-27 22:50:17.241[INFO]  LOG_FILE_DIR is ./logs\tracelog
2023-10-27 22:50:17.481[WARN]  rpc-client-stat.log configured stat_log_interval=60 second and default cycle=60
2023-10-27 22:50:17.486[WARN]  rpc-server-stat.log configured stat_log_interval=60 second and default cycle=60
2023-10-27 23:04:30.906[INFO]  LOG_FILE_DIR is ./logs\tracelog
2023-10-27 23:04:31.151[WARN]  rpc-client-stat.log configured stat_log_interval=60 second and default cycle=60
2023-10-27 23:04:31.156[WARN]  rpc-server-stat.log configured stat_log_interval=60 second and default cycle=60
