2023-10-25 10:09:27,667 ERROR main                             - SOFA-BOOT-01-00002: PreOut Binding [bolt] for [com.service.RPCTestService] occur exception
java.lang.ExceptionInInitializerError: null
	at com.alipay.sofa.rpc.config.AbstractIdConfig.<clinit>(AbstractIdConfig.java:40)
	at com.alipay.sofa.rpc.boot.container.ServerConfigContainer.createBoltServerConfig(ServerConfigContainer.java:355)
	at com.alipay.sofa.rpc.boot.container.ServerConfigContainer.getServerConfig(ServerConfigContainer.java:204)
	at com.alipay.sofa.rpc.boot.runtime.adapter.helper.ProviderConfigHelper.getProviderConfig(ProviderConfigHelper.java:87)
	at com.alipay.sofa.rpc.boot.runtime.adapter.RpcBindingAdapter.preOutBinding(RpcBindingAdapter.java:68)
	at com.alipay.sofa.rpc.boot.runtime.adapter.RpcBindingAdapter.preOutBinding(RpcBindingAdapter.java:47)
	at com.alipay.sofa.runtime.service.component.ServiceComponent.resolveBinding(ServiceComponent.java:116)
	at com.alipay.sofa.runtime.service.component.ServiceComponent.resolve(ServiceComponent.java:75)
	at com.alipay.sofa.runtime.component.impl.ComponentManagerImpl.doRegister(ComponentManagerImpl.java:185)
	at com.alipay.sofa.runtime.component.impl.ComponentManagerImpl.register(ComponentManagerImpl.java:144)
	at com.alipay.sofa.runtime.spring.factory.ServiceFactoryBean.doAfterPropertiesSet(ServiceFactoryBean.java:83)
	at com.alipay.sofa.runtime.spring.factory.AbstractContractFactoryBean.afterPropertiesSet(AbstractContractFactoryBean.java:103)
	at org.springframework.beans.factory.support.AbstractAutowireCapableBeanFactory.invokeInitMethods(AbstractAutowireCapableBeanFactory.java:1863)
	at org.springframework.beans.factory.support.AbstractAutowireCapableBeanFactory.initializeBean(AbstractAutowireCapableBeanFactory.java:1800)
	at org.springframework.beans.factory.support.AbstractAutowireCapableBeanFactory.doCreateBean(AbstractAutowireCapableBeanFactory.java:620)
	at org.springframework.beans.factory.support.AbstractAutowireCapableBeanFactory.createBean(AbstractAutowireCapableBeanFactory.java:542)
	at org.springframework.beans.factory.support.AbstractBeanFactory.lambda$doGetBean$0(AbstractBeanFactory.java:335)
	at org.springframework.beans.factory.support.DefaultSingletonBeanRegistry.getSingleton(DefaultSingletonBeanRegistry.java:234)
	at org.springframework.beans.factory.support.AbstractBeanFactory.doGetBean(AbstractBeanFactory.java:333)
	at org.springframework.beans.factory.support.AbstractBeanFactory.getBean(AbstractBeanFactory.java:208)
	at org.springframework.beans.factory.support.DefaultListableBeanFactory.preInstantiateSingletons(DefaultListableBeanFactory.java:936)
	at org.springframework.context.support.AbstractApplicationContext.finishBeanFactoryInitialization(AbstractApplicationContext.java:921)
	at org.springframework.context.support.AbstractApplicationContext.refresh(AbstractApplicationContext.java:583)
	at org.springframework.boot.web.servlet.context.ServletWebServerApplicationContext.refresh(ServletWebServerApplicationContext.java:147)
	at org.springframework.boot.SpringApplication.refresh(SpringApplication.java:731)
	at org.springframework.boot.SpringApplication.refreshContext(SpringApplication.java:408)
	at org.springframework.boot.SpringApplication.run(SpringApplication.java:307)
	at org.springframework.boot.SpringApplication.run(SpringApplication.java:1303)
	at org.springframework.boot.SpringApplication.run(SpringApplication.java:1292)
	at com.UsersApplication.main(UsersApplication.java:13)
Caused by: java.lang.IllegalStateException: Shutdown in progress
	at java.lang.ApplicationShutdownHooks.add(ApplicationShutdownHooks.java:66)
	at java.lang.Runtime.addShutdownHook(Runtime.java:203)
	at com.alipay.sofa.rpc.context.RpcRuntimeContext.<clinit>(RpcRuntimeContext.java:102)
	... 30 common frames omitted
2023-10-25 10:09:27,669 ERROR main                             - SOFA-BOOT-01-03004: Failed to resolve and active component [service:com.service.RPCTestService]
com.alipay.sofa.runtime.api.ServiceRuntimeException: SOFA-BOOT-01-00003: PreOut Binding [com.service.RPCTestService] occur exception
	at com.alipay.sofa.runtime.service.component.ServiceComponent.resolveBinding(ServiceComponent.java:128)
	at com.alipay.sofa.runtime.service.component.ServiceComponent.resolve(ServiceComponent.java:75)
	at com.alipay.sofa.runtime.component.impl.ComponentManagerImpl.doRegister(ComponentManagerImpl.java:185)
	at com.alipay.sofa.runtime.component.impl.ComponentManagerImpl.register(ComponentManagerImpl.java:144)
	at com.alipay.sofa.runtime.spring.factory.ServiceFactoryBean.doAfterPropertiesSet(ServiceFactoryBean.java:83)
	at com.alipay.sofa.runtime.spring.factory.AbstractContractFactoryBean.afterPropertiesSet(AbstractContractFactoryBean.java:103)
	at org.springframework.beans.factory.support.AbstractAutowireCapableBeanFactory.invokeInitMethods(AbstractAutowireCapableBeanFactory.java:1863)
	at org.springframework.beans.factory.support.AbstractAutowireCapableBeanFactory.initializeBean(AbstractAutowireCapableBeanFactory.java:1800)
	at org.springframework.beans.factory.support.AbstractAutowireCapableBeanFactory.doCreateBean(AbstractAutowireCapableBeanFactory.java:620)
	at org.springframework.beans.factory.support.AbstractAutowireCapableBeanFactory.createBean(AbstractAutowireCapableBeanFactory.java:542)
	at org.springframework.beans.factory.support.AbstractBeanFactory.lambda$doGetBean$0(AbstractBeanFactory.java:335)
	at org.springframework.beans.factory.support.DefaultSingletonBeanRegistry.getSingleton(DefaultSingletonBeanRegistry.java:234)
	at org.springframework.beans.factory.support.AbstractBeanFactory.doGetBean(AbstractBeanFactory.java:333)
	at org.springframework.beans.factory.support.AbstractBeanFactory.getBean(AbstractBeanFactory.java:208)
	at org.springframework.beans.factory.support.DefaultListableBeanFactory.preInstantiateSingletons(DefaultListableBeanFactory.java:936)
	at org.springframework.context.support.AbstractApplicationContext.finishBeanFactoryInitialization(AbstractApplicationContext.java:921)
	at org.springframework.context.support.AbstractApplicationContext.refresh(AbstractApplicationContext.java:583)
	at org.springframework.boot.web.servlet.context.ServletWebServerApplicationContext.refresh(ServletWebServerApplicationContext.java:147)
	at org.springframework.boot.SpringApplication.refresh(SpringApplication.java:731)
	at org.springframework.boot.SpringApplication.refreshContext(SpringApplication.java:408)
	at org.springframework.boot.SpringApplication.run(SpringApplication.java:307)
	at org.springframework.boot.SpringApplication.run(SpringApplication.java:1303)
	at org.springframework.boot.SpringApplication.run(SpringApplication.java:1292)
	at com.UsersApplication.main(UsersApplication.java:13)
2023-10-25 10:10:41,782 ERROR main                             - SOFA-BOOT-01-00002: PreOut Binding [bolt] for [com.service.ProductTestService] occur exception
java.lang.ExceptionInInitializerError: null
	at com.alipay.sofa.rpc.config.AbstractIdConfig.<clinit>(AbstractIdConfig.java:40)
	at com.alipay.sofa.rpc.boot.container.ServerConfigContainer.createBoltServerConfig(ServerConfigContainer.java:355)
	at com.alipay.sofa.rpc.boot.container.ServerConfigContainer.getServerConfig(ServerConfigContainer.java:204)
	at com.alipay.sofa.rpc.boot.runtime.adapter.helper.ProviderConfigHelper.getProviderConfig(ProviderConfigHelper.java:87)
	at com.alipay.sofa.rpc.boot.runtime.adapter.RpcBindingAdapter.preOutBinding(RpcBindingAdapter.java:68)
	at com.alipay.sofa.rpc.boot.runtime.adapter.RpcBindingAdapter.preOutBinding(RpcBindingAdapter.java:47)
	at com.alipay.sofa.runtime.service.component.ServiceComponent.resolveBinding(ServiceComponent.java:116)
	at com.alipay.sofa.runtime.service.component.ServiceComponent.resolve(ServiceComponent.java:75)
	at com.alipay.sofa.runtime.component.impl.ComponentManagerImpl.doRegister(ComponentManagerImpl.java:185)
	at com.alipay.sofa.runtime.component.impl.ComponentManagerImpl.register(ComponentManagerImpl.java:144)
	at com.alipay.sofa.runtime.spring.factory.ServiceFactoryBean.doAfterPropertiesSet(ServiceFactoryBean.java:83)
	at com.alipay.sofa.runtime.spring.factory.AbstractContractFactoryBean.afterPropertiesSet(AbstractContractFactoryBean.java:103)
	at org.springframework.beans.factory.support.AbstractAutowireCapableBeanFactory.invokeInitMethods(AbstractAutowireCapableBeanFactory.java:1863)
	at org.springframework.beans.factory.support.AbstractAutowireCapableBeanFactory.initializeBean(AbstractAutowireCapableBeanFactory.java:1800)
	at org.springframework.beans.factory.support.AbstractAutowireCapableBeanFactory.doCreateBean(AbstractAutowireCapableBeanFactory.java:620)
	at org.springframework.beans.factory.support.AbstractAutowireCapableBeanFactory.createBean(AbstractAutowireCapableBeanFactory.java:542)
	at org.springframework.beans.factory.support.AbstractBeanFactory.lambda$doGetBean$0(AbstractBeanFactory.java:335)
	at org.springframework.beans.factory.support.DefaultSingletonBeanRegistry.getSingleton(DefaultSingletonBeanRegistry.java:234)
	at org.springframework.beans.factory.support.AbstractBeanFactory.doGetBean(AbstractBeanFactory.java:333)
	at org.springframework.beans.factory.support.AbstractBeanFactory.getBean(AbstractBeanFactory.java:208)
	at org.springframework.beans.factory.support.DefaultListableBeanFactory.preInstantiateSingletons(DefaultListableBeanFactory.java:936)
	at org.springframework.context.support.AbstractApplicationContext.finishBeanFactoryInitialization(AbstractApplicationContext.java:921)
	at org.springframework.context.support.AbstractApplicationContext.refresh(AbstractApplicationContext.java:583)
	at org.springframework.boot.web.servlet.context.ServletWebServerApplicationContext.refresh(ServletWebServerApplicationContext.java:147)
	at org.springframework.boot.SpringApplication.refresh(SpringApplication.java:731)
	at org.springframework.boot.SpringApplication.refreshContext(SpringApplication.java:408)
	at org.springframework.boot.SpringApplication.run(SpringApplication.java:307)
	at org.springframework.boot.SpringApplication.run(SpringApplication.java:1303)
	at org.springframework.boot.SpringApplication.run(SpringApplication.java:1292)
	at com.ProductApplication.main(ProductApplication.java:13)
Caused by: java.lang.IllegalStateException: Shutdown in progress
	at java.lang.ApplicationShutdownHooks.add(ApplicationShutdownHooks.java:66)
	at java.lang.Runtime.addShutdownHook(Runtime.java:203)
	at com.alipay.sofa.rpc.context.RpcRuntimeContext.<clinit>(RpcRuntimeContext.java:102)
	... 30 common frames omitted
2023-10-25 10:10:41,782 ERROR main                             - SOFA-BOOT-01-03004: Failed to resolve and active component [service:com.service.ProductTestService]
com.alipay.sofa.runtime.api.ServiceRuntimeException: SOFA-BOOT-01-00003: PreOut Binding [com.service.ProductTestService] occur exception
	at com.alipay.sofa.runtime.service.component.ServiceComponent.resolveBinding(ServiceComponent.java:128)
	at com.alipay.sofa.runtime.service.component.ServiceComponent.resolve(ServiceComponent.java:75)
	at com.alipay.sofa.runtime.component.impl.ComponentManagerImpl.doRegister(ComponentManagerImpl.java:185)
	at com.alipay.sofa.runtime.component.impl.ComponentManagerImpl.register(ComponentManagerImpl.java:144)
	at com.alipay.sofa.runtime.spring.factory.ServiceFactoryBean.doAfterPropertiesSet(ServiceFactoryBean.java:83)
	at com.alipay.sofa.runtime.spring.factory.AbstractContractFactoryBean.afterPropertiesSet(AbstractContractFactoryBean.java:103)
	at org.springframework.beans.factory.support.AbstractAutowireCapableBeanFactory.invokeInitMethods(AbstractAutowireCapableBeanFactory.java:1863)
	at org.springframework.beans.factory.support.AbstractAutowireCapableBeanFactory.initializeBean(AbstractAutowireCapableBeanFactory.java:1800)
	at org.springframework.beans.factory.support.AbstractAutowireCapableBeanFactory.doCreateBean(AbstractAutowireCapableBeanFactory.java:620)
	at org.springframework.beans.factory.support.AbstractAutowireCapableBeanFactory.createBean(AbstractAutowireCapableBeanFactory.java:542)
	at org.springframework.beans.factory.support.AbstractBeanFactory.lambda$doGetBean$0(AbstractBeanFactory.java:335)
	at org.springframework.beans.factory.support.DefaultSingletonBeanRegistry.getSingleton(DefaultSingletonBeanRegistry.java:234)
	at org.springframework.beans.factory.support.AbstractBeanFactory.doGetBean(AbstractBeanFactory.java:333)
	at org.springframework.beans.factory.support.AbstractBeanFactory.getBean(AbstractBeanFactory.java:208)
	at org.springframework.beans.factory.support.DefaultListableBeanFactory.preInstantiateSingletons(DefaultListableBeanFactory.java:936)
	at org.springframework.context.support.AbstractApplicationContext.finishBeanFactoryInitialization(AbstractApplicationContext.java:921)
	at org.springframework.context.support.AbstractApplicationContext.refresh(AbstractApplicationContext.java:583)
	at org.springframework.boot.web.servlet.context.ServletWebServerApplicationContext.refresh(ServletWebServerApplicationContext.java:147)
	at org.springframework.boot.SpringApplication.refresh(SpringApplication.java:731)
	at org.springframework.boot.SpringApplication.refreshContext(SpringApplication.java:408)
	at org.springframework.boot.SpringApplication.run(SpringApplication.java:307)
	at org.springframework.boot.SpringApplication.run(SpringApplication.java:1303)
	at org.springframework.boot.SpringApplication.run(SpringApplication.java:1292)
	at com.ProductApplication.main(ProductApplication.java:13)
2023-10-25 12:18:08,540 ERROR main                             - SOFA-BOOT-01-03004: Failed to resolve and active component [reference:com.service.RPCTestService:#2093680026]
com.alipay.sofa.runtime.api.ServiceRuntimeException: RPC-010010009: 订阅元数据失败 
	at com.alipay.sofa.rpc.boot.runtime.adapter.RpcBindingAdapter.inBinding(RpcBindingAdapter.java:212)
	at com.alipay.sofa.rpc.boot.runtime.adapter.RpcBindingAdapter.inBinding(RpcBindingAdapter.java:47)
	at com.alipay.sofa.runtime.service.component.ReferenceComponent.createProxy(ReferenceComponent.java:245)
	at com.alipay.sofa.runtime.service.component.ReferenceComponent.activate(ReferenceComponent.java:176)
	at com.alipay.sofa.runtime.component.impl.ComponentManagerImpl.doRegister(ComponentManagerImpl.java:187)
	at com.alipay.sofa.runtime.component.impl.ComponentManagerImpl.registerAndGet(ComponentManagerImpl.java:148)
	at com.alipay.sofa.runtime.service.helper.ReferenceRegisterHelper.registerReference(ReferenceRegisterHelper.java:77)
	at com.alipay.sofa.runtime.spring.ReferenceAnnotationBeanPostProcessor.createReferenceProxy(ReferenceAnnotationBeanPostProcessor.java:196)
	at com.alipay.sofa.runtime.spring.ReferenceAnnotationBeanPostProcessor.access$100(ReferenceAnnotationBeanPostProcessor.java:59)
	at com.alipay.sofa.runtime.spring.ReferenceAnnotationBeanPostProcessor$1.doWith(ReferenceAnnotationBeanPostProcessor.java:115)
	at org.springframework.util.ReflectionUtils.doWithFields(ReflectionUtils.java:706)
	at com.alipay.sofa.runtime.spring.ReferenceAnnotationBeanPostProcessor.processSofaReference(ReferenceAnnotationBeanPostProcessor.java:97)
	at com.alipay.sofa.runtime.spring.ReferenceAnnotationBeanPostProcessor.postProcessBeforeInitialization(ReferenceAnnotationBeanPostProcessor.java:90)
	at org.springframework.beans.factory.support.AbstractAutowireCapableBeanFactory.applyBeanPostProcessorsBeforeInitialization(AbstractAutowireCapableBeanFactory.java:440)
	at org.springframework.beans.factory.support.AbstractAutowireCapableBeanFactory.initializeBean(AbstractAutowireCapableBeanFactory.java:1796)
	at org.springframework.beans.factory.support.AbstractAutowireCapableBeanFactory.doCreateBean(AbstractAutowireCapableBeanFactory.java:620)
	at org.springframework.beans.factory.support.AbstractAutowireCapableBeanFactory.createBean(AbstractAutowireCapableBeanFactory.java:542)
	at org.springframework.beans.factory.support.AbstractBeanFactory.lambda$doGetBean$0(AbstractBeanFactory.java:335)
	at org.springframework.beans.factory.support.DefaultSingletonBeanRegistry.getSingleton(DefaultSingletonBeanRegistry.java:234)
	at org.springframework.beans.factory.support.AbstractBeanFactory.doGetBean(AbstractBeanFactory.java:333)
	at org.springframework.beans.factory.support.AbstractBeanFactory.getBean(AbstractBeanFactory.java:208)
	at org.springframework.beans.factory.support.DefaultListableBeanFactory.preInstantiateSingletons(DefaultListableBeanFactory.java:955)
	at org.springframework.context.support.AbstractApplicationContext.finishBeanFactoryInitialization(AbstractApplicationContext.java:921)
	at org.springframework.context.support.AbstractApplicationContext.refresh(AbstractApplicationContext.java:583)
	at org.springframework.boot.web.servlet.context.ServletWebServerApplicationContext.refresh(ServletWebServerApplicationContext.java:147)
	at org.springframework.boot.SpringApplication.refresh(SpringApplication.java:731)
	at org.springframework.boot.SpringApplication.refreshContext(SpringApplication.java:408)
	at org.springframework.boot.SpringApplication.run(SpringApplication.java:307)
	at org.springframework.boot.SpringApplication.run(SpringApplication.java:1303)
	at org.springframework.boot.SpringApplication.run(SpringApplication.java:1292)
	at com.OrderApplication.main(OrderApplication.java:13)
Caused by: com.alipay.sofa.rpc.core.exception.SofaRpcRuntimeException: RPC-020010011: 初始化服务端 transport 异常! 
	at com.alipay.sofa.rpc.client.AbstractCluster.init(AbstractCluster.java:162)
	at com.alipay.sofa.rpc.bootstrap.DefaultConsumerBootstrap.refer(DefaultConsumerBootstrap.java:154)
	at com.alipay.sofa.rpc.config.ConsumerConfig.refer(ConsumerConfig.java:955)
	at com.alipay.sofa.rpc.boot.runtime.adapter.RpcBindingAdapter.inBinding(RpcBindingAdapter.java:208)
	... 30 common frames omitted
Caused by: java.lang.NoClassDefFoundError: com/alibaba/nacos/api/exception/NacosException
	at com.alipay.sofa.rpc.registry.nacos.NacosRegistry.init(NacosRegistry.java:144)
	at com.alipay.sofa.rpc.bootstrap.DefaultConsumerBootstrap.subscribeFromRegistries(DefaultConsumerBootstrap.java:338)
	at com.alipay.sofa.rpc.bootstrap.DefaultConsumerBootstrap.subscribe(DefaultConsumerBootstrap.java:271)
	at com.alipay.sofa.rpc.client.AbstractCluster.init(AbstractCluster.java:154)
	... 33 common frames omitted
Caused by: java.lang.ClassNotFoundException: com.alibaba.nacos.api.exception.NacosException
	at java.net.URLClassLoader.findClass(URLClassLoader.java:387)
	at java.lang.ClassLoader.loadClass(ClassLoader.java:418)
	at sun.misc.Launcher$AppClassLoader.loadClass(Launcher.java:352)
	at java.lang.ClassLoader.loadClass(ClassLoader.java:351)
	... 37 common frames omitted
2023-10-25 12:18:53,915 ERROR main                             - SOFA-BOOT-01-03004: Failed to resolve and active component [reference:com.service.RPCTestService:#2093680026]
com.alipay.sofa.runtime.api.ServiceRuntimeException: RPC-010010009: 订阅元数据失败 
	at com.alipay.sofa.rpc.boot.runtime.adapter.RpcBindingAdapter.inBinding(RpcBindingAdapter.java:212)
	at com.alipay.sofa.rpc.boot.runtime.adapter.RpcBindingAdapter.inBinding(RpcBindingAdapter.java:47)
	at com.alipay.sofa.runtime.service.component.ReferenceComponent.createProxy(ReferenceComponent.java:245)
	at com.alipay.sofa.runtime.service.component.ReferenceComponent.activate(ReferenceComponent.java:176)
	at com.alipay.sofa.runtime.component.impl.ComponentManagerImpl.doRegister(ComponentManagerImpl.java:187)
	at com.alipay.sofa.runtime.component.impl.ComponentManagerImpl.registerAndGet(ComponentManagerImpl.java:148)
	at com.alipay.sofa.runtime.service.helper.ReferenceRegisterHelper.registerReference(ReferenceRegisterHelper.java:77)
	at com.alipay.sofa.runtime.spring.ReferenceAnnotationBeanPostProcessor.createReferenceProxy(ReferenceAnnotationBeanPostProcessor.java:196)
	at com.alipay.sofa.runtime.spring.ReferenceAnnotationBeanPostProcessor.access$100(ReferenceAnnotationBeanPostProcessor.java:59)
	at com.alipay.sofa.runtime.spring.ReferenceAnnotationBeanPostProcessor$1.doWith(ReferenceAnnotationBeanPostProcessor.java:115)
	at org.springframework.util.ReflectionUtils.doWithFields(ReflectionUtils.java:706)
	at com.alipay.sofa.runtime.spring.ReferenceAnnotationBeanPostProcessor.processSofaReference(ReferenceAnnotationBeanPostProcessor.java:97)
	at com.alipay.sofa.runtime.spring.ReferenceAnnotationBeanPostProcessor.postProcessBeforeInitialization(ReferenceAnnotationBeanPostProcessor.java:90)
	at org.springframework.beans.factory.support.AbstractAutowireCapableBeanFactory.applyBeanPostProcessorsBeforeInitialization(AbstractAutowireCapableBeanFactory.java:440)
	at org.springframework.beans.factory.support.AbstractAutowireCapableBeanFactory.initializeBean(AbstractAutowireCapableBeanFactory.java:1796)
	at org.springframework.beans.factory.support.AbstractAutowireCapableBeanFactory.doCreateBean(AbstractAutowireCapableBeanFactory.java:620)
	at org.springframework.beans.factory.support.AbstractAutowireCapableBeanFactory.createBean(AbstractAutowireCapableBeanFactory.java:542)
	at org.springframework.beans.factory.support.AbstractBeanFactory.lambda$doGetBean$0(AbstractBeanFactory.java:335)
	at org.springframework.beans.factory.support.DefaultSingletonBeanRegistry.getSingleton(DefaultSingletonBeanRegistry.java:234)
	at org.springframework.beans.factory.support.AbstractBeanFactory.doGetBean(AbstractBeanFactory.java:333)
	at org.springframework.beans.factory.support.AbstractBeanFactory.getBean(AbstractBeanFactory.java:208)
	at org.springframework.beans.factory.support.DefaultListableBeanFactory.preInstantiateSingletons(DefaultListableBeanFactory.java:955)
	at org.springframework.context.support.AbstractApplicationContext.finishBeanFactoryInitialization(AbstractApplicationContext.java:921)
	at org.springframework.context.support.AbstractApplicationContext.refresh(AbstractApplicationContext.java:583)
	at org.springframework.boot.web.servlet.context.ServletWebServerApplicationContext.refresh(ServletWebServerApplicationContext.java:147)
	at org.springframework.boot.SpringApplication.refresh(SpringApplication.java:731)
	at org.springframework.boot.SpringApplication.refreshContext(SpringApplication.java:408)
	at org.springframework.boot.SpringApplication.run(SpringApplication.java:307)
	at org.springframework.boot.SpringApplication.run(SpringApplication.java:1303)
	at org.springframework.boot.SpringApplication.run(SpringApplication.java:1292)
	at com.OrderApplication.main(OrderApplication.java:13)
Caused by: com.alipay.sofa.rpc.core.exception.SofaRpcRuntimeException: RPC-020010011: 初始化服务端 transport 异常! 
	at com.alipay.sofa.rpc.client.AbstractCluster.init(AbstractCluster.java:162)
	at com.alipay.sofa.rpc.bootstrap.DefaultConsumerBootstrap.refer(DefaultConsumerBootstrap.java:154)
	at com.alipay.sofa.rpc.config.ConsumerConfig.refer(ConsumerConfig.java:955)
	at com.alipay.sofa.rpc.boot.runtime.adapter.RpcBindingAdapter.inBinding(RpcBindingAdapter.java:208)
	... 30 common frames omitted
Caused by: java.lang.NoClassDefFoundError: com/alibaba/nacos/api/exception/NacosException
	at com.alipay.sofa.rpc.registry.nacos.NacosRegistry.init(NacosRegistry.java:144)
	at com.alipay.sofa.rpc.bootstrap.DefaultConsumerBootstrap.subscribeFromRegistries(DefaultConsumerBootstrap.java:338)
	at com.alipay.sofa.rpc.bootstrap.DefaultConsumerBootstrap.subscribe(DefaultConsumerBootstrap.java:271)
	at com.alipay.sofa.rpc.client.AbstractCluster.init(AbstractCluster.java:154)
	... 33 common frames omitted
Caused by: java.lang.ClassNotFoundException: com.alibaba.nacos.api.exception.NacosException
	at java.net.URLClassLoader.findClass(URLClassLoader.java:387)
	at java.lang.ClassLoader.loadClass(ClassLoader.java:418)
	at sun.misc.Launcher$AppClassLoader.loadClass(Launcher.java:352)
	at java.lang.ClassLoader.loadClass(ClassLoader.java:351)
	... 37 common frames omitted
