2023-10-27 13:57:02,522 INFO  main                             - Create health-check thread pool, corePoolSize: 1, maxPoolSize: 1.
2023-10-27 13:57:03,927 INFO  main                             - Found 1 HealthChecker implementation:sofaComponentHealthChecker
2023-10-27 13:57:03,929 INFO  main                             - Found 3 HealthIndicator implementation:diskSpaceHealthIndicator,pingHealthContributor,redisHealthContributor
2023-10-27 13:57:03,929 INFO  main                             - Found 1 ReadinessCheckCallback implementation: rpcAfterHealthCheckCallback
2023-10-27 13:57:03,929 INFO  main                             - Begin SOFABoot HealthChecker readiness check.
2023-10-27 13:57:03,930 INFO  main                             - SOFABoot HealthChecker readiness check 1 item: SOFABoot-Components.
2023-10-27 13:57:03,931 INFO  main                             - HealthChecker[sofaComponentHealthChecker] readiness check start.
2023-10-27 13:57:03,934 INFO  main                             - HealthChecker[sofaComponentHealthChecker] readiness check success with 0 retry.
2023-10-27 13:57:03,934 INFO  main                             - SOFABoot HealthChecker readiness check result: success.
2023-10-27 13:57:03,934 INFO  main                             - Begin SOFABoot HealthIndicator readiness check.
2023-10-27 13:57:03,935 INFO  main                             - SOFABoot HealthIndicator readiness check 3 item: diskSpaceHealthIndicator,pingHealthContributor,redisHealthContributor.
2023-10-27 13:57:03,935 INFO  main                             - HealthIndicator[diskSpaceHealthIndicator] readiness check start.
2023-10-27 13:57:03,937 INFO  main                             - HealthIndicator[diskSpaceHealthIndicator] readiness check success.
2023-10-27 13:57:03,937 INFO  main                             - HealthIndicator[pingHealthContributor] readiness check start.
2023-10-27 13:57:03,937 INFO  main                             - HealthIndicator[pingHealthContributor] readiness check success.
2023-10-27 13:57:03,937 INFO  main                             - HealthIndicator[redisHealthContributor] readiness check start.
2023-10-27 13:57:04,540 INFO  main                             - HealthIndicator[redisHealthContributor] readiness check success.
2023-10-27 13:57:04,540 INFO  main                             - SOFABoot HealthIndicator readiness check result: success.
2023-10-27 13:57:04,541 INFO  main                             - Invoking all readiness check callbacks...
2023-10-27 13:57:04,541 INFO  main                             - Begin ReadinessCheckCallback readiness check
2023-10-27 13:57:04,549 INFO  main                             - SOFABoot ReadinessCheckCallback[rpcAfterHealthCheckCallback] check success.
2023-10-27 13:57:04,549 INFO  main                             - ReadinessCheckCallback readiness check result: success.
2023-10-27 13:57:04,549 INFO  main                             - Readiness check result: success
2023-10-27 13:57:04,891 INFO  RMI TCP Connection(4)-192.168.43.226 - Begin SOFABoot HealthChecker liveness check.
2023-10-27 13:57:04,892 INFO  RMI TCP Connection(4)-192.168.43.226 - SOFABoot HealthChecker liveness check 1 item: SOFABoot-Components.
2023-10-27 13:57:04,892 INFO  RMI TCP Connection(4)-192.168.43.226 - HealthChecker[sofaComponentHealthChecker] liveness check start.
2023-10-27 13:57:04,892 INFO  RMI TCP Connection(4)-192.168.43.226 - HealthChecker[sofaComponentHealthChecker] liveness check success with 0 retry.
2023-10-27 13:57:04,892 INFO  RMI TCP Connection(4)-192.168.43.226 - SOFABoot HealthChecker liveness check result: success.
2023-10-27 13:57:25,173 INFO  main                             - Create health-check thread pool, corePoolSize: 1, maxPoolSize: 1.
2023-10-27 13:57:26,113 INFO  main                             - Found 1 HealthChecker implementation:sofaComponentHealthChecker
2023-10-27 13:57:26,114 INFO  main                             - Found 3 HealthIndicator implementation:diskSpaceHealthIndicator,pingHealthContributor,redisHealthContributor
2023-10-27 13:57:26,115 INFO  main                             - Found 1 ReadinessCheckCallback implementation: rpcAfterHealthCheckCallback
2023-10-27 13:57:26,115 INFO  main                             - Begin SOFABoot HealthChecker readiness check.
2023-10-27 13:57:26,116 INFO  main                             - SOFABoot HealthChecker readiness check 1 item: SOFABoot-Components.
2023-10-27 13:57:26,116 INFO  main                             - HealthChecker[sofaComponentHealthChecker] readiness check start.
2023-10-27 13:57:26,119 INFO  main                             - HealthChecker[sofaComponentHealthChecker] readiness check success with 0 retry.
2023-10-27 13:57:26,119 INFO  main                             - SOFABoot HealthChecker readiness check result: success.
2023-10-27 13:57:26,119 INFO  main                             - Begin SOFABoot HealthIndicator readiness check.
2023-10-27 13:57:26,119 INFO  main                             - SOFABoot HealthIndicator readiness check 3 item: diskSpaceHealthIndicator,pingHealthContributor,redisHealthContributor.
2023-10-27 13:57:26,119 INFO  main                             - HealthIndicator[diskSpaceHealthIndicator] readiness check start.
2023-10-27 13:57:26,121 INFO  main                             - HealthIndicator[diskSpaceHealthIndicator] readiness check success.
2023-10-27 13:57:26,121 INFO  main                             - HealthIndicator[pingHealthContributor] readiness check start.
2023-10-27 13:57:26,121 INFO  main                             - HealthIndicator[pingHealthContributor] readiness check success.
2023-10-27 13:57:26,121 INFO  main                             - HealthIndicator[redisHealthContributor] readiness check start.
2023-10-27 13:57:26,506 INFO  main                             - HealthIndicator[redisHealthContributor] readiness check success.
2023-10-27 13:57:26,506 INFO  main                             - SOFABoot HealthIndicator readiness check result: success.
2023-10-27 13:57:26,507 INFO  main                             - Invoking all readiness check callbacks...
2023-10-27 13:57:26,507 INFO  main                             - Begin ReadinessCheckCallback readiness check
2023-10-27 13:57:26,531 INFO  main                             - SOFABoot ReadinessCheckCallback[rpcAfterHealthCheckCallback] check success.
2023-10-27 13:57:26,531 INFO  main                             - ReadinessCheckCallback readiness check result: success.
2023-10-27 13:57:26,532 INFO  main                             - Readiness check result: success
2023-10-27 13:57:27,206 INFO  RMI TCP Connection(3)-192.168.43.226 - Begin SOFABoot HealthChecker liveness check.
2023-10-27 13:57:27,207 INFO  RMI TCP Connection(3)-192.168.43.226 - SOFABoot HealthChecker liveness check 1 item: SOFABoot-Components.
2023-10-27 13:57:27,207 INFO  RMI TCP Connection(3)-192.168.43.226 - HealthChecker[sofaComponentHealthChecker] liveness check start.
2023-10-27 13:57:27,207 INFO  RMI TCP Connection(3)-192.168.43.226 - HealthChecker[sofaComponentHealthChecker] liveness check success with 0 retry.
2023-10-27 13:57:27,207 INFO  RMI TCP Connection(3)-192.168.43.226 - SOFABoot HealthChecker liveness check result: success.
2023-10-27 14:02:20,331 INFO  main                             - Create health-check thread pool, corePoolSize: 1, maxPoolSize: 1.
2023-10-27 14:02:21,835 INFO  main                             - Found 1 HealthChecker implementation:sofaComponentHealthChecker
2023-10-27 14:02:21,836 INFO  main                             - Found 3 HealthIndicator implementation:diskSpaceHealthIndicator,pingHealthContributor,redisHealthContributor
2023-10-27 14:02:21,836 INFO  main                             - Found 1 ReadinessCheckCallback implementation: rpcAfterHealthCheckCallback
2023-10-27 14:02:21,836 INFO  main                             - Begin SOFABoot HealthChecker readiness check.
2023-10-27 14:02:21,838 INFO  main                             - SOFABoot HealthChecker readiness check 1 item: SOFABoot-Components.
2023-10-27 14:02:21,838 INFO  main                             - HealthChecker[sofaComponentHealthChecker] readiness check start.
2023-10-27 14:02:21,841 INFO  main                             - HealthChecker[sofaComponentHealthChecker] readiness check success with 0 retry.
2023-10-27 14:02:21,841 INFO  main                             - SOFABoot HealthChecker readiness check result: success.
2023-10-27 14:02:21,841 INFO  main                             - Begin SOFABoot HealthIndicator readiness check.
2023-10-27 14:02:21,841 INFO  main                             - SOFABoot HealthIndicator readiness check 3 item: diskSpaceHealthIndicator,pingHealthContributor,redisHealthContributor.
2023-10-27 14:02:21,842 INFO  main                             - HealthIndicator[diskSpaceHealthIndicator] readiness check start.
2023-10-27 14:02:21,843 INFO  main                             - HealthIndicator[diskSpaceHealthIndicator] readiness check success.
2023-10-27 14:02:21,843 INFO  main                             - HealthIndicator[pingHealthContributor] readiness check start.
2023-10-27 14:02:21,844 INFO  main                             - HealthIndicator[pingHealthContributor] readiness check success.
2023-10-27 14:02:21,844 INFO  main                             - HealthIndicator[redisHealthContributor] readiness check start.
2023-10-27 14:02:22,295 INFO  main                             - HealthIndicator[redisHealthContributor] readiness check success.
2023-10-27 14:02:22,295 INFO  main                             - SOFABoot HealthIndicator readiness check result: success.
2023-10-27 14:02:22,296 INFO  main                             - Invoking all readiness check callbacks...
2023-10-27 14:02:22,296 INFO  main                             - Begin ReadinessCheckCallback readiness check
2023-10-27 14:02:22,542 INFO  main                             - SOFABoot ReadinessCheckCallback[rpcAfterHealthCheckCallback] check success.
2023-10-27 14:02:22,542 INFO  main                             - ReadinessCheckCallback readiness check result: success.
2023-10-27 14:02:22,542 INFO  main                             - Readiness check result: success
2023-10-27 14:02:23,019 INFO  RMI TCP Connection(1)-192.168.43.226 - Begin SOFABoot HealthChecker liveness check.
2023-10-27 14:02:23,020 INFO  RMI TCP Connection(1)-192.168.43.226 - SOFABoot HealthChecker liveness check 1 item: SOFABoot-Components.
2023-10-27 14:02:23,020 INFO  RMI TCP Connection(1)-192.168.43.226 - HealthChecker[sofaComponentHealthChecker] liveness check start.
2023-10-27 14:02:23,020 INFO  RMI TCP Connection(1)-192.168.43.226 - HealthChecker[sofaComponentHealthChecker] liveness check success with 0 retry.
2023-10-27 14:02:23,020 INFO  RMI TCP Connection(1)-192.168.43.226 - SOFABoot HealthChecker liveness check result: success.
2023-10-27 15:16:17,974 INFO  main                             - Create health-check thread pool, corePoolSize: 1, maxPoolSize: 1.
2023-10-27 15:16:20,935 INFO  main                             - Found 1 HealthChecker implementation:sofaComponentHealthChecker
2023-10-27 15:16:20,938 INFO  main                             - Found 3 HealthIndicator implementation:diskSpaceHealthIndicator,pingHealthContributor,redisHealthContributor
2023-10-27 15:16:20,938 INFO  main                             - Found 1 ReadinessCheckCallback implementation: rpcAfterHealthCheckCallback
2023-10-27 15:16:20,939 INFO  main                             - Begin SOFABoot HealthChecker readiness check.
2023-10-27 15:16:20,940 INFO  main                             - SOFABoot HealthChecker readiness check 1 item: SOFABoot-Components.
2023-10-27 15:16:20,941 INFO  main                             - HealthChecker[sofaComponentHealthChecker] readiness check start.
2023-10-27 15:16:20,945 INFO  main                             - HealthChecker[sofaComponentHealthChecker] readiness check success with 0 retry.
2023-10-27 15:16:20,946 INFO  main                             - SOFABoot HealthChecker readiness check result: success.
2023-10-27 15:16:20,946 INFO  main                             - Begin SOFABoot HealthIndicator readiness check.
2023-10-27 15:16:20,946 INFO  main                             - SOFABoot HealthIndicator readiness check 3 item: diskSpaceHealthIndicator,pingHealthContributor,redisHealthContributor.
2023-10-27 15:16:20,947 INFO  main                             - HealthIndicator[diskSpaceHealthIndicator] readiness check start.
2023-10-27 15:16:20,950 INFO  main                             - HealthIndicator[diskSpaceHealthIndicator] readiness check success.
2023-10-27 15:16:20,950 INFO  main                             - HealthIndicator[pingHealthContributor] readiness check start.
2023-10-27 15:16:20,950 INFO  main                             - HealthIndicator[pingHealthContributor] readiness check success.
2023-10-27 15:16:20,950 INFO  main                             - HealthIndicator[redisHealthContributor] readiness check start.
2023-10-27 15:16:21,794 INFO  main                             - HealthIndicator[redisHealthContributor] readiness check success.
2023-10-27 15:16:21,794 INFO  main                             - SOFABoot HealthIndicator readiness check result: success.
2023-10-27 15:16:21,794 INFO  main                             - Invoking all readiness check callbacks...
2023-10-27 15:16:21,794 INFO  main                             - Begin ReadinessCheckCallback readiness check
2023-10-27 15:16:22,156 INFO  main                             - SOFABoot ReadinessCheckCallback[rpcAfterHealthCheckCallback] check success.
2023-10-27 15:16:22,156 INFO  main                             - ReadinessCheckCallback readiness check result: success.
2023-10-27 15:16:22,156 INFO  main                             - Readiness check result: success
2023-10-27 15:16:23,619 INFO  RMI TCP Connection(5)-192.168.43.226 - Begin SOFABoot HealthChecker liveness check.
2023-10-27 15:16:23,620 INFO  RMI TCP Connection(5)-192.168.43.226 - SOFABoot HealthChecker liveness check 1 item: SOFABoot-Components.
2023-10-27 15:16:23,621 INFO  RMI TCP Connection(5)-192.168.43.226 - HealthChecker[sofaComponentHealthChecker] liveness check start.
2023-10-27 15:16:23,621 INFO  RMI TCP Connection(5)-192.168.43.226 - HealthChecker[sofaComponentHealthChecker] liveness check success with 0 retry.
2023-10-27 15:16:23,621 INFO  RMI TCP Connection(5)-192.168.43.226 - SOFABoot HealthChecker liveness check result: success.
2023-10-27 15:23:14,420 INFO  main                             - Create health-check thread pool, corePoolSize: 1, maxPoolSize: 1.
2023-10-27 15:23:15,821 INFO  main                             - Found 1 HealthChecker implementation:sofaComponentHealthChecker
2023-10-27 15:23:15,823 INFO  main                             - Found 3 HealthIndicator implementation:diskSpaceHealthIndicator,pingHealthContributor,redisHealthContributor
2023-10-27 15:23:15,823 INFO  main                             - Found 1 ReadinessCheckCallback implementation: rpcAfterHealthCheckCallback
2023-10-27 15:23:15,823 INFO  main                             - Begin SOFABoot HealthChecker readiness check.
2023-10-27 15:23:15,824 INFO  main                             - SOFABoot HealthChecker readiness check 1 item: SOFABoot-Components.
2023-10-27 15:23:15,825 INFO  main                             - HealthChecker[sofaComponentHealthChecker] readiness check start.
2023-10-27 15:23:15,828 INFO  main                             - HealthChecker[sofaComponentHealthChecker] readiness check success with 0 retry.
2023-10-27 15:23:15,828 INFO  main                             - SOFABoot HealthChecker readiness check result: success.
2023-10-27 15:23:15,829 INFO  main                             - Begin SOFABoot HealthIndicator readiness check.
2023-10-27 15:23:15,829 INFO  main                             - SOFABoot HealthIndicator readiness check 3 item: diskSpaceHealthIndicator,pingHealthContributor,redisHealthContributor.
2023-10-27 15:23:15,829 INFO  main                             - HealthIndicator[diskSpaceHealthIndicator] readiness check start.
2023-10-27 15:23:15,831 INFO  main                             - HealthIndicator[diskSpaceHealthIndicator] readiness check success.
2023-10-27 15:23:15,831 INFO  main                             - HealthIndicator[pingHealthContributor] readiness check start.
2023-10-27 15:23:15,831 INFO  main                             - HealthIndicator[pingHealthContributor] readiness check success.
2023-10-27 15:23:15,831 INFO  main                             - HealthIndicator[redisHealthContributor] readiness check start.
2023-10-27 15:23:16,115 INFO  main                             - HealthIndicator[redisHealthContributor] readiness check success.
2023-10-27 15:23:16,116 INFO  main                             - SOFABoot HealthIndicator readiness check result: success.
2023-10-27 15:23:16,116 INFO  main                             - Invoking all readiness check callbacks...
2023-10-27 15:23:16,116 INFO  main                             - Begin ReadinessCheckCallback readiness check
2023-10-27 15:23:16,122 INFO  main                             - SOFABoot ReadinessCheckCallback[rpcAfterHealthCheckCallback] check success.
2023-10-27 15:23:16,122 INFO  main                             - ReadinessCheckCallback readiness check result: success.
2023-10-27 15:23:16,123 INFO  main                             - Readiness check result: success
2023-10-27 15:23:16,739 INFO  main                             - Create health-check thread pool, corePoolSize: 1, maxPoolSize: 1.
2023-10-27 15:23:16,802 INFO  RMI TCP Connection(5)-192.168.43.226 - Begin SOFABoot HealthChecker liveness check.
2023-10-27 15:23:16,803 INFO  RMI TCP Connection(5)-192.168.43.226 - SOFABoot HealthChecker liveness check 1 item: SOFABoot-Components.
2023-10-27 15:23:16,803 INFO  RMI TCP Connection(5)-192.168.43.226 - HealthChecker[sofaComponentHealthChecker] liveness check start.
2023-10-27 15:23:16,803 INFO  RMI TCP Connection(5)-192.168.43.226 - HealthChecker[sofaComponentHealthChecker] liveness check success with 0 retry.
2023-10-27 15:23:16,803 INFO  RMI TCP Connection(5)-192.168.43.226 - SOFABoot HealthChecker liveness check result: success.
2023-10-27 15:23:17,936 INFO  main                             - Found 1 HealthChecker implementation:sofaComponentHealthChecker
2023-10-27 15:23:17,937 INFO  main                             - Found 3 HealthIndicator implementation:diskSpaceHealthIndicator,pingHealthContributor,redisHealthContributor
2023-10-27 15:23:17,938 INFO  main                             - Found 1 ReadinessCheckCallback implementation: rpcAfterHealthCheckCallback
2023-10-27 15:23:17,938 INFO  main                             - Begin SOFABoot HealthChecker readiness check.
2023-10-27 15:23:17,939 INFO  main                             - SOFABoot HealthChecker readiness check 1 item: SOFABoot-Components.
2023-10-27 15:23:17,940 INFO  main                             - HealthChecker[sofaComponentHealthChecker] readiness check start.
2023-10-27 15:23:17,942 INFO  main                             - HealthChecker[sofaComponentHealthChecker] readiness check success with 0 retry.
2023-10-27 15:23:17,942 INFO  main                             - SOFABoot HealthChecker readiness check result: success.
2023-10-27 15:23:17,942 INFO  main                             - Begin SOFABoot HealthIndicator readiness check.
2023-10-27 15:23:17,942 INFO  main                             - SOFABoot HealthIndicator readiness check 3 item: diskSpaceHealthIndicator,pingHealthContributor,redisHealthContributor.
2023-10-27 15:23:17,942 INFO  main                             - HealthIndicator[diskSpaceHealthIndicator] readiness check start.
2023-10-27 15:23:17,944 INFO  main                             - HealthIndicator[diskSpaceHealthIndicator] readiness check success.
2023-10-27 15:23:17,944 INFO  main                             - HealthIndicator[pingHealthContributor] readiness check start.
2023-10-27 15:23:17,944 INFO  main                             - HealthIndicator[pingHealthContributor] readiness check success.
2023-10-27 15:23:17,944 INFO  main                             - HealthIndicator[redisHealthContributor] readiness check start.
2023-10-27 15:23:18,342 INFO  main                             - HealthIndicator[redisHealthContributor] readiness check success.
2023-10-27 15:23:18,342 INFO  main                             - SOFABoot HealthIndicator readiness check result: success.
2023-10-27 15:23:18,343 INFO  main                             - Invoking all readiness check callbacks...
2023-10-27 15:23:18,343 INFO  main                             - Begin ReadinessCheckCallback readiness check
2023-10-27 15:23:18,368 INFO  main                             - SOFABoot ReadinessCheckCallback[rpcAfterHealthCheckCallback] check success.
2023-10-27 15:23:18,368 INFO  main                             - ReadinessCheckCallback readiness check result: success.
2023-10-27 15:23:18,368 INFO  main                             - Readiness check result: success
2023-10-27 15:23:19,351 INFO  RMI TCP Connection(3)-192.168.43.226 - Begin SOFABoot HealthChecker liveness check.
2023-10-27 15:23:19,351 INFO  RMI TCP Connection(3)-192.168.43.226 - SOFABoot HealthChecker liveness check 1 item: SOFABoot-Components.
2023-10-27 15:23:19,352 INFO  RMI TCP Connection(3)-192.168.43.226 - HealthChecker[sofaComponentHealthChecker] liveness check start.
2023-10-27 15:23:19,352 INFO  RMI TCP Connection(3)-192.168.43.226 - HealthChecker[sofaComponentHealthChecker] liveness check success with 0 retry.
2023-10-27 15:23:19,352 INFO  RMI TCP Connection(3)-192.168.43.226 - SOFABoot HealthChecker liveness check result: success.
2023-10-27 15:30:55,978 INFO  main                             - Create health-check thread pool, corePoolSize: 1, maxPoolSize: 1.
2023-10-27 15:30:57,437 INFO  main                             - Found 1 HealthChecker implementation:sofaComponentHealthChecker
2023-10-27 15:30:57,439 INFO  main                             - Found 3 HealthIndicator implementation:diskSpaceHealthIndicator,pingHealthContributor,redisHealthContributor
2023-10-27 15:30:57,439 INFO  main                             - Found 1 ReadinessCheckCallback implementation: rpcAfterHealthCheckCallback
2023-10-27 15:30:57,439 INFO  main                             - Begin SOFABoot HealthChecker readiness check.
2023-10-27 15:30:57,441 INFO  main                             - SOFABoot HealthChecker readiness check 1 item: SOFABoot-Components.
2023-10-27 15:30:57,441 INFO  main                             - HealthChecker[sofaComponentHealthChecker] readiness check start.
2023-10-27 15:30:57,443 INFO  main                             - HealthChecker[sofaComponentHealthChecker] readiness check success with 0 retry.
2023-10-27 15:30:57,443 INFO  main                             - SOFABoot HealthChecker readiness check result: success.
2023-10-27 15:30:57,443 INFO  main                             - Begin SOFABoot HealthIndicator readiness check.
2023-10-27 15:30:57,443 INFO  main                             - SOFABoot HealthIndicator readiness check 3 item: diskSpaceHealthIndicator,pingHealthContributor,redisHealthContributor.
2023-10-27 15:30:57,443 INFO  main                             - HealthIndicator[diskSpaceHealthIndicator] readiness check start.
2023-10-27 15:30:57,445 INFO  main                             - HealthIndicator[diskSpaceHealthIndicator] readiness check success.
2023-10-27 15:30:57,445 INFO  main                             - HealthIndicator[pingHealthContributor] readiness check start.
2023-10-27 15:30:57,445 INFO  main                             - HealthIndicator[pingHealthContributor] readiness check success.
2023-10-27 15:30:57,445 INFO  main                             - HealthIndicator[redisHealthContributor] readiness check start.
2023-10-27 15:30:57,834 INFO  main                             - HealthIndicator[redisHealthContributor] readiness check success.
2023-10-27 15:30:57,834 INFO  main                             - SOFABoot HealthIndicator readiness check result: success.
2023-10-27 15:30:57,834 INFO  main                             - Invoking all readiness check callbacks...
2023-10-27 15:30:57,834 INFO  main                             - Begin ReadinessCheckCallback readiness check
2023-10-27 15:30:58,005 INFO  main                             - SOFABoot ReadinessCheckCallback[rpcAfterHealthCheckCallback] check success.
2023-10-27 15:30:58,005 INFO  main                             - ReadinessCheckCallback readiness check result: success.
2023-10-27 15:30:58,005 INFO  main                             - Readiness check result: success
2023-10-27 15:30:58,326 INFO  RMI TCP Connection(3)-192.168.43.226 - Begin SOFABoot HealthChecker liveness check.
2023-10-27 15:30:58,327 INFO  RMI TCP Connection(3)-192.168.43.226 - SOFABoot HealthChecker liveness check 1 item: SOFABoot-Components.
2023-10-27 15:30:58,327 INFO  RMI TCP Connection(3)-192.168.43.226 - HealthChecker[sofaComponentHealthChecker] liveness check start.
2023-10-27 15:30:58,327 INFO  RMI TCP Connection(3)-192.168.43.226 - HealthChecker[sofaComponentHealthChecker] liveness check success with 0 retry.
2023-10-27 15:30:58,327 INFO  RMI TCP Connection(3)-192.168.43.226 - SOFABoot HealthChecker liveness check result: success.
