2023-10-25 10:09:47,904 ERROR main                             - SOFA-BOOT-01-23001: HealthChecker[sofaComponentHealthChecker] readiness check fail with 20 retry; fail details:{"service:com.service.RPCTestService":"[bolt,passed] [com.alipay.sofa.runtime.api.ServiceRuntimeException: SOFA-BOOT-01-00003: PreOut Binding [com.service.RPCTestService] occur exception]"}; strict mode:true
2023-10-25 10:09:47,906 ERROR main                             - SOFA-BOOT-01-23000: SOFABoot HealthChecker readiness check result: failed
2023-10-25 10:09:50,728 ERROR main                             - SOFA-BOOT-01-21001: HealthIndicator[redisHealthContributor] readiness check fail; the status is: DOWN; the detail is: {"error":"org.springframework.data.redis.RedisConnectionFailureException: Unable to connect to Redis; nested exception is org.springframework.data.redis.connection.PoolException: Could not get a resource from the pool; nested exception is io.lettuce.core.RedisConnectionException: Unable to connect to localhost:6379"}
2023-10-25 10:09:50,729 ERROR main                             - SOFA-BOOT-01-21000: SOFABoot HealthIndicator readiness check result: failed
2023-10-25 10:09:50,729 ERROR main                             - SOFA-BOOT-01-20000: Readiness check result: fail
2023-10-25 11:53:04,646 ERROR main                             - SOFA-BOOT-01-24002: Error occurred while doing ReadinessCheckCallback[rpcAfterHealthCheckCallback] check
com.alipay.sofa.rpc.core.exception.SofaRpcRuntimeException: RPC-010000025: 启动 bolt 服务失败.请查看 bolt 日志获取更多细节. 
	at com.alipay.sofa.rpc.server.bolt.BoltServer.start(BoltServer.java:133)
	at com.alipay.sofa.rpc.boot.container.ServerConfigContainer.startServers(ServerConfigContainer.java:116)
	at com.alipay.sofa.rpc.boot.context.SofaBootRpcStartListener.onApplicationEvent(SofaBootRpcStartListener.java:79)
	at com.alipay.sofa.rpc.boot.context.SofaBootRpcStartListener.onApplicationEvent(SofaBootRpcStartListener.java:40)
	at org.springframework.context.event.SimpleApplicationEventMulticaster.doInvokeListener(SimpleApplicationEventMulticaster.java:176)
	at org.springframework.context.event.SimpleApplicationEventMulticaster.invokeListener(SimpleApplicationEventMulticaster.java:169)
	at org.springframework.context.event.SimpleApplicationEventMulticaster.multicastEvent(SimpleApplicationEventMulticaster.java:143)
	at org.springframework.context.support.AbstractApplicationContext.publishEvent(AbstractApplicationContext.java:421)
	at org.springframework.context.support.AbstractApplicationContext.publishEvent(AbstractApplicationContext.java:378)
	at com.alipay.sofa.rpc.boot.health.RpcAfterHealthCheckCallback.onHealthy(RpcAfterHealthCheckCallback.java:46)
	at com.alipay.sofa.healthcheck.AfterReadinessCheckCallbackProcessor.doHealthCheckCallback(AfterReadinessCheckCallbackProcessor.java:110)
	at com.alipay.sofa.healthcheck.AfterReadinessCheckCallbackProcessor.afterReadinessCheckCallback(AfterReadinessCheckCallbackProcessor.java:80)
	at com.alipay.sofa.healthcheck.ReadinessCheckListener.readinessHealthCheck(ReadinessCheckListener.java:189)
	at com.alipay.sofa.healthcheck.ReadinessCheckListener.onContextRefreshedEvent(ReadinessCheckListener.java:138)
	at com.alipay.sofa.healthcheck.ReadinessCheckListener.onApplicationEvent(ReadinessCheckListener.java:127)
	at org.springframework.context.event.SimpleApplicationEventMulticaster.doInvokeListener(SimpleApplicationEventMulticaster.java:176)
	at org.springframework.context.event.SimpleApplicationEventMulticaster.invokeListener(SimpleApplicationEventMulticaster.java:169)
	at org.springframework.context.event.SimpleApplicationEventMulticaster.multicastEvent(SimpleApplicationEventMulticaster.java:143)
	at org.springframework.context.support.AbstractApplicationContext.publishEvent(AbstractApplicationContext.java:421)
	at org.springframework.context.support.AbstractApplicationContext.publishEvent(AbstractApplicationContext.java:378)
	at org.springframework.context.support.AbstractApplicationContext.finishRefresh(AbstractApplicationContext.java:941)
	at org.springframework.context.support.AbstractApplicationContext.refresh(AbstractApplicationContext.java:586)
	at org.springframework.boot.web.servlet.context.ServletWebServerApplicationContext.refresh(ServletWebServerApplicationContext.java:147)
	at org.springframework.boot.SpringApplication.refresh(SpringApplication.java:731)
	at org.springframework.boot.SpringApplication.refreshContext(SpringApplication.java:408)
	at org.springframework.boot.SpringApplication.run(SpringApplication.java:307)
	at org.springframework.boot.SpringApplication.run(SpringApplication.java:1303)
	at org.springframework.boot.SpringApplication.run(SpringApplication.java:1292)
	at com.UsersApplication.main(UsersApplication.java:13)
Caused by: java.lang.IllegalStateException: ERROR: Failed to start the Server!
	at com.alipay.remoting.AbstractRemotingServer.start(AbstractRemotingServer.java:74)
	at com.alipay.sofa.rpc.server.bolt.BoltServer.start(BoltServer.java:116)
	... 28 common frames omitted
Caused by: java.net.BindException: Address already in use: bind
	at sun.nio.ch.Net.bind0(Native Method)
	at sun.nio.ch.Net.bind(Net.java:461)
	at sun.nio.ch.Net.bind(Net.java:453)
	at sun.nio.ch.ServerSocketChannelImpl.bind(ServerSocketChannelImpl.java:222)
	at io.netty.channel.socket.nio.NioServerSocketChannel.doBind(NioServerSocketChannel.java:141)
	at io.netty.channel.AbstractChannel$AbstractUnsafe.bind(AbstractChannel.java:562)
	at io.netty.channel.DefaultChannelPipeline$HeadContext.bind(DefaultChannelPipeline.java:1334)
	at io.netty.channel.AbstractChannelHandlerContext.invokeBind(AbstractChannelHandlerContext.java:600)
	at io.netty.channel.AbstractChannelHandlerContext.bind(AbstractChannelHandlerContext.java:579)
	at io.netty.channel.DefaultChannelPipeline.bind(DefaultChannelPipeline.java:973)
	at io.netty.channel.AbstractChannel.bind(AbstractChannel.java:260)
	at io.netty.bootstrap.AbstractBootstrap$2.run(AbstractBootstrap.java:356)
	at io.netty.util.concurrent.AbstractEventExecutor.runTask(AbstractEventExecutor.java:174)
	at io.netty.util.concurrent.AbstractEventExecutor.safeExecute(AbstractEventExecutor.java:167)
	at io.netty.util.concurrent.SingleThreadEventExecutor.runAllTasks(SingleThreadEventExecutor.java:470)
	at io.netty.channel.nio.NioEventLoop.run(NioEventLoop.java:569)
	at io.netty.util.concurrent.SingleThreadEventExecutor$4.run(SingleThreadEventExecutor.java:997)
	at io.netty.util.internal.ThreadExecutorMap$2.run(ThreadExecutorMap.java:74)
	at java.lang.Thread.run(Thread.java:750)
2023-10-25 11:53:04,647 ERROR main                             - SOFA-BOOT-01-24000: ReadinessCheckCallback readiness check result: failed
2023-10-25 11:53:04,647 ERROR main                             - SOFA-BOOT-01-20000: Readiness check result: fail
2023-10-25 11:54:39,502 ERROR main                             - SOFA-BOOT-01-24002: Error occurred while doing ReadinessCheckCallback[rpcAfterHealthCheckCallback] check
com.alipay.sofa.rpc.core.exception.SofaRpcRuntimeException: RPC-010000025: 启动 bolt 服务失败.请查看 bolt 日志获取更多细节. 
	at com.alipay.sofa.rpc.server.bolt.BoltServer.start(BoltServer.java:133)
	at com.alipay.sofa.rpc.boot.container.ServerConfigContainer.startServers(ServerConfigContainer.java:116)
	at com.alipay.sofa.rpc.boot.context.SofaBootRpcStartListener.onApplicationEvent(SofaBootRpcStartListener.java:79)
	at com.alipay.sofa.rpc.boot.context.SofaBootRpcStartListener.onApplicationEvent(SofaBootRpcStartListener.java:40)
	at org.springframework.context.event.SimpleApplicationEventMulticaster.doInvokeListener(SimpleApplicationEventMulticaster.java:176)
	at org.springframework.context.event.SimpleApplicationEventMulticaster.invokeListener(SimpleApplicationEventMulticaster.java:169)
	at org.springframework.context.event.SimpleApplicationEventMulticaster.multicastEvent(SimpleApplicationEventMulticaster.java:143)
	at org.springframework.context.support.AbstractApplicationContext.publishEvent(AbstractApplicationContext.java:421)
	at org.springframework.context.support.AbstractApplicationContext.publishEvent(AbstractApplicationContext.java:378)
	at com.alipay.sofa.rpc.boot.health.RpcAfterHealthCheckCallback.onHealthy(RpcAfterHealthCheckCallback.java:46)
	at com.alipay.sofa.healthcheck.AfterReadinessCheckCallbackProcessor.doHealthCheckCallback(AfterReadinessCheckCallbackProcessor.java:110)
	at com.alipay.sofa.healthcheck.AfterReadinessCheckCallbackProcessor.afterReadinessCheckCallback(AfterReadinessCheckCallbackProcessor.java:80)
	at com.alipay.sofa.healthcheck.ReadinessCheckListener.readinessHealthCheck(ReadinessCheckListener.java:189)
	at com.alipay.sofa.healthcheck.ReadinessCheckListener.onContextRefreshedEvent(ReadinessCheckListener.java:138)
	at com.alipay.sofa.healthcheck.ReadinessCheckListener.onApplicationEvent(ReadinessCheckListener.java:127)
	at org.springframework.context.event.SimpleApplicationEventMulticaster.doInvokeListener(SimpleApplicationEventMulticaster.java:176)
	at org.springframework.context.event.SimpleApplicationEventMulticaster.invokeListener(SimpleApplicationEventMulticaster.java:169)
	at org.springframework.context.event.SimpleApplicationEventMulticaster.multicastEvent(SimpleApplicationEventMulticaster.java:143)
	at org.springframework.context.support.AbstractApplicationContext.publishEvent(AbstractApplicationContext.java:421)
	at org.springframework.context.support.AbstractApplicationContext.publishEvent(AbstractApplicationContext.java:378)
	at org.springframework.context.support.AbstractApplicationContext.finishRefresh(AbstractApplicationContext.java:941)
	at org.springframework.context.support.AbstractApplicationContext.refresh(AbstractApplicationContext.java:586)
	at org.springframework.boot.web.servlet.context.ServletWebServerApplicationContext.refresh(ServletWebServerApplicationContext.java:147)
	at org.springframework.boot.SpringApplication.refresh(SpringApplication.java:731)
	at org.springframework.boot.SpringApplication.refreshContext(SpringApplication.java:408)
	at org.springframework.boot.SpringApplication.run(SpringApplication.java:307)
	at org.springframework.boot.SpringApplication.run(SpringApplication.java:1303)
	at org.springframework.boot.SpringApplication.run(SpringApplication.java:1292)
	at com.UsersApplication.main(UsersApplication.java:13)
Caused by: java.lang.IllegalStateException: ERROR: Failed to start the Server!
	at com.alipay.remoting.AbstractRemotingServer.start(AbstractRemotingServer.java:74)
	at com.alipay.sofa.rpc.server.bolt.BoltServer.start(BoltServer.java:116)
	... 28 common frames omitted
Caused by: java.net.BindException: Address already in use: bind
	at sun.nio.ch.Net.bind0(Native Method)
	at sun.nio.ch.Net.bind(Net.java:461)
	at sun.nio.ch.Net.bind(Net.java:453)
	at sun.nio.ch.ServerSocketChannelImpl.bind(ServerSocketChannelImpl.java:222)
	at io.netty.channel.socket.nio.NioServerSocketChannel.doBind(NioServerSocketChannel.java:141)
	at io.netty.channel.AbstractChannel$AbstractUnsafe.bind(AbstractChannel.java:562)
	at io.netty.channel.DefaultChannelPipeline$HeadContext.bind(DefaultChannelPipeline.java:1334)
	at io.netty.channel.AbstractChannelHandlerContext.invokeBind(AbstractChannelHandlerContext.java:600)
	at io.netty.channel.AbstractChannelHandlerContext.bind(AbstractChannelHandlerContext.java:579)
	at io.netty.channel.DefaultChannelPipeline.bind(DefaultChannelPipeline.java:973)
	at io.netty.channel.AbstractChannel.bind(AbstractChannel.java:260)
	at io.netty.bootstrap.AbstractBootstrap$2.run(AbstractBootstrap.java:356)
	at io.netty.util.concurrent.AbstractEventExecutor.runTask(AbstractEventExecutor.java:174)
	at io.netty.util.concurrent.AbstractEventExecutor.safeExecute(AbstractEventExecutor.java:167)
	at io.netty.util.concurrent.SingleThreadEventExecutor.runAllTasks(SingleThreadEventExecutor.java:470)
	at io.netty.channel.nio.NioEventLoop.run(NioEventLoop.java:569)
	at io.netty.util.concurrent.SingleThreadEventExecutor$4.run(SingleThreadEventExecutor.java:997)
	at io.netty.util.internal.ThreadExecutorMap$2.run(ThreadExecutorMap.java:74)
	at java.lang.Thread.run(Thread.java:750)
2023-10-25 11:54:39,502 ERROR main                             - SOFA-BOOT-01-24000: ReadinessCheckCallback readiness check result: failed
2023-10-25 11:54:39,502 ERROR main                             - SOFA-BOOT-01-20000: Readiness check result: fail
2023-10-25 12:04:52,456 ERROR main                             - SOFA-BOOT-01-24002: Error occurred while doing ReadinessCheckCallback[rpcAfterHealthCheckCallback] check
com.alipay.sofa.rpc.core.exception.SofaRpcRuntimeException: RPC-010000025: 启动 bolt 服务失败.请查看 bolt 日志获取更多细节. 
	at com.alipay.sofa.rpc.server.bolt.BoltServer.start(BoltServer.java:133)
	at com.alipay.sofa.rpc.boot.container.ServerConfigContainer.startServers(ServerConfigContainer.java:116)
	at com.alipay.sofa.rpc.boot.context.SofaBootRpcStartListener.onApplicationEvent(SofaBootRpcStartListener.java:79)
	at com.alipay.sofa.rpc.boot.context.SofaBootRpcStartListener.onApplicationEvent(SofaBootRpcStartListener.java:40)
	at org.springframework.context.event.SimpleApplicationEventMulticaster.doInvokeListener(SimpleApplicationEventMulticaster.java:176)
	at org.springframework.context.event.SimpleApplicationEventMulticaster.invokeListener(SimpleApplicationEventMulticaster.java:169)
	at org.springframework.context.event.SimpleApplicationEventMulticaster.multicastEvent(SimpleApplicationEventMulticaster.java:143)
	at org.springframework.context.support.AbstractApplicationContext.publishEvent(AbstractApplicationContext.java:421)
	at org.springframework.context.support.AbstractApplicationContext.publishEvent(AbstractApplicationContext.java:378)
	at com.alipay.sofa.rpc.boot.health.RpcAfterHealthCheckCallback.onHealthy(RpcAfterHealthCheckCallback.java:46)
	at com.alipay.sofa.healthcheck.AfterReadinessCheckCallbackProcessor.doHealthCheckCallback(AfterReadinessCheckCallbackProcessor.java:110)
	at com.alipay.sofa.healthcheck.AfterReadinessCheckCallbackProcessor.afterReadinessCheckCallback(AfterReadinessCheckCallbackProcessor.java:80)
	at com.alipay.sofa.healthcheck.ReadinessCheckListener.readinessHealthCheck(ReadinessCheckListener.java:189)
	at com.alipay.sofa.healthcheck.ReadinessCheckListener.onContextRefreshedEvent(ReadinessCheckListener.java:138)
	at com.alipay.sofa.healthcheck.ReadinessCheckListener.onApplicationEvent(ReadinessCheckListener.java:127)
	at org.springframework.context.event.SimpleApplicationEventMulticaster.doInvokeListener(SimpleApplicationEventMulticaster.java:176)
	at org.springframework.context.event.SimpleApplicationEventMulticaster.invokeListener(SimpleApplicationEventMulticaster.java:169)
	at org.springframework.context.event.SimpleApplicationEventMulticaster.multicastEvent(SimpleApplicationEventMulticaster.java:143)
	at org.springframework.context.support.AbstractApplicationContext.publishEvent(AbstractApplicationContext.java:421)
	at org.springframework.context.support.AbstractApplicationContext.publishEvent(AbstractApplicationContext.java:378)
	at org.springframework.context.support.AbstractApplicationContext.finishRefresh(AbstractApplicationContext.java:941)
	at org.springframework.context.support.AbstractApplicationContext.refresh(AbstractApplicationContext.java:586)
	at org.springframework.boot.web.servlet.context.ServletWebServerApplicationContext.refresh(ServletWebServerApplicationContext.java:147)
	at org.springframework.boot.SpringApplication.refresh(SpringApplication.java:731)
	at org.springframework.boot.SpringApplication.refreshContext(SpringApplication.java:408)
	at org.springframework.boot.SpringApplication.run(SpringApplication.java:307)
	at org.springframework.boot.SpringApplication.run(SpringApplication.java:1303)
	at org.springframework.boot.SpringApplication.run(SpringApplication.java:1292)
	at com.UsersApplication.main(UsersApplication.java:13)
Caused by: java.lang.IllegalStateException: ERROR: Failed to start the Server!
	at com.alipay.remoting.AbstractRemotingServer.start(AbstractRemotingServer.java:74)
	at com.alipay.sofa.rpc.server.bolt.BoltServer.start(BoltServer.java:116)
	... 28 common frames omitted
Caused by: java.net.BindException: Address already in use: bind
	at sun.nio.ch.Net.bind0(Native Method)
	at sun.nio.ch.Net.bind(Net.java:461)
	at sun.nio.ch.Net.bind(Net.java:453)
	at sun.nio.ch.ServerSocketChannelImpl.bind(ServerSocketChannelImpl.java:222)
	at io.netty.channel.socket.nio.NioServerSocketChannel.doBind(NioServerSocketChannel.java:141)
	at io.netty.channel.AbstractChannel$AbstractUnsafe.bind(AbstractChannel.java:562)
	at io.netty.channel.DefaultChannelPipeline$HeadContext.bind(DefaultChannelPipeline.java:1334)
	at io.netty.channel.AbstractChannelHandlerContext.invokeBind(AbstractChannelHandlerContext.java:600)
	at io.netty.channel.AbstractChannelHandlerContext.bind(AbstractChannelHandlerContext.java:579)
	at io.netty.channel.DefaultChannelPipeline.bind(DefaultChannelPipeline.java:973)
	at io.netty.channel.AbstractChannel.bind(AbstractChannel.java:260)
	at io.netty.bootstrap.AbstractBootstrap$2.run(AbstractBootstrap.java:356)
	at io.netty.util.concurrent.AbstractEventExecutor.runTask(AbstractEventExecutor.java:174)
	at io.netty.util.concurrent.AbstractEventExecutor.safeExecute(AbstractEventExecutor.java:167)
	at io.netty.util.concurrent.SingleThreadEventExecutor.runAllTasks(SingleThreadEventExecutor.java:470)
	at io.netty.channel.nio.NioEventLoop.run(NioEventLoop.java:569)
	at io.netty.util.concurrent.SingleThreadEventExecutor$4.run(SingleThreadEventExecutor.java:997)
	at io.netty.util.internal.ThreadExecutorMap$2.run(ThreadExecutorMap.java:74)
	at java.lang.Thread.run(Thread.java:750)
2023-10-25 12:04:52,456 ERROR main                             - SOFA-BOOT-01-24000: ReadinessCheckCallback readiness check result: failed
2023-10-25 12:04:52,457 ERROR main                             - SOFA-BOOT-01-20000: Readiness check result: fail
2023-10-25 12:06:54,638 ERROR main                             - SOFA-BOOT-01-24002: Error occurred while doing ReadinessCheckCallback[rpcAfterHealthCheckCallback] check
com.alipay.sofa.rpc.core.exception.SofaRpcRuntimeException: RPC-010000025: 启动 bolt 服务失败.请查看 bolt 日志获取更多细节. 
	at com.alipay.sofa.rpc.server.bolt.BoltServer.start(BoltServer.java:133)
	at com.alipay.sofa.rpc.boot.container.ServerConfigContainer.startServers(ServerConfigContainer.java:116)
	at com.alipay.sofa.rpc.boot.context.SofaBootRpcStartListener.onApplicationEvent(SofaBootRpcStartListener.java:79)
	at com.alipay.sofa.rpc.boot.context.SofaBootRpcStartListener.onApplicationEvent(SofaBootRpcStartListener.java:40)
	at org.springframework.context.event.SimpleApplicationEventMulticaster.doInvokeListener(SimpleApplicationEventMulticaster.java:176)
	at org.springframework.context.event.SimpleApplicationEventMulticaster.invokeListener(SimpleApplicationEventMulticaster.java:169)
	at org.springframework.context.event.SimpleApplicationEventMulticaster.multicastEvent(SimpleApplicationEventMulticaster.java:143)
	at org.springframework.context.support.AbstractApplicationContext.publishEvent(AbstractApplicationContext.java:421)
	at org.springframework.context.support.AbstractApplicationContext.publishEvent(AbstractApplicationContext.java:378)
	at com.alipay.sofa.rpc.boot.health.RpcAfterHealthCheckCallback.onHealthy(RpcAfterHealthCheckCallback.java:46)
	at com.alipay.sofa.healthcheck.AfterReadinessCheckCallbackProcessor.doHealthCheckCallback(AfterReadinessCheckCallbackProcessor.java:110)
	at com.alipay.sofa.healthcheck.AfterReadinessCheckCallbackProcessor.afterReadinessCheckCallback(AfterReadinessCheckCallbackProcessor.java:80)
	at com.alipay.sofa.healthcheck.ReadinessCheckListener.readinessHealthCheck(ReadinessCheckListener.java:189)
	at com.alipay.sofa.healthcheck.ReadinessCheckListener.onContextRefreshedEvent(ReadinessCheckListener.java:138)
	at com.alipay.sofa.healthcheck.ReadinessCheckListener.onApplicationEvent(ReadinessCheckListener.java:127)
	at org.springframework.context.event.SimpleApplicationEventMulticaster.doInvokeListener(SimpleApplicationEventMulticaster.java:176)
	at org.springframework.context.event.SimpleApplicationEventMulticaster.invokeListener(SimpleApplicationEventMulticaster.java:169)
	at org.springframework.context.event.SimpleApplicationEventMulticaster.multicastEvent(SimpleApplicationEventMulticaster.java:143)
	at org.springframework.context.support.AbstractApplicationContext.publishEvent(AbstractApplicationContext.java:421)
	at org.springframework.context.support.AbstractApplicationContext.publishEvent(AbstractApplicationContext.java:378)
	at org.springframework.context.support.AbstractApplicationContext.finishRefresh(AbstractApplicationContext.java:941)
	at org.springframework.context.support.AbstractApplicationContext.refresh(AbstractApplicationContext.java:586)
	at org.springframework.boot.web.servlet.context.ServletWebServerApplicationContext.refresh(ServletWebServerApplicationContext.java:147)
	at org.springframework.boot.SpringApplication.refresh(SpringApplication.java:731)
	at org.springframework.boot.SpringApplication.refreshContext(SpringApplication.java:408)
	at org.springframework.boot.SpringApplication.run(SpringApplication.java:307)
	at org.springframework.boot.SpringApplication.run(SpringApplication.java:1303)
	at org.springframework.boot.SpringApplication.run(SpringApplication.java:1292)
	at com.UsersApplication.main(UsersApplication.java:13)
Caused by: java.lang.IllegalStateException: ERROR: Failed to start the Server!
	at com.alipay.remoting.AbstractRemotingServer.start(AbstractRemotingServer.java:74)
	at com.alipay.sofa.rpc.server.bolt.BoltServer.start(BoltServer.java:116)
	... 28 common frames omitted
Caused by: java.net.BindException: Address already in use: bind
	at sun.nio.ch.Net.bind0(Native Method)
	at sun.nio.ch.Net.bind(Net.java:461)
	at sun.nio.ch.Net.bind(Net.java:453)
	at sun.nio.ch.ServerSocketChannelImpl.bind(ServerSocketChannelImpl.java:222)
	at io.netty.channel.socket.nio.NioServerSocketChannel.doBind(NioServerSocketChannel.java:141)
	at io.netty.channel.AbstractChannel$AbstractUnsafe.bind(AbstractChannel.java:562)
	at io.netty.channel.DefaultChannelPipeline$HeadContext.bind(DefaultChannelPipeline.java:1334)
	at io.netty.channel.AbstractChannelHandlerContext.invokeBind(AbstractChannelHandlerContext.java:600)
	at io.netty.channel.AbstractChannelHandlerContext.bind(AbstractChannelHandlerContext.java:579)
	at io.netty.channel.DefaultChannelPipeline.bind(DefaultChannelPipeline.java:973)
	at io.netty.channel.AbstractChannel.bind(AbstractChannel.java:260)
	at io.netty.bootstrap.AbstractBootstrap$2.run(AbstractBootstrap.java:356)
	at io.netty.util.concurrent.AbstractEventExecutor.runTask(AbstractEventExecutor.java:174)
	at io.netty.util.concurrent.AbstractEventExecutor.safeExecute(AbstractEventExecutor.java:167)
	at io.netty.util.concurrent.SingleThreadEventExecutor.runAllTasks(SingleThreadEventExecutor.java:470)
	at io.netty.channel.nio.NioEventLoop.run(NioEventLoop.java:569)
	at io.netty.util.concurrent.SingleThreadEventExecutor$4.run(SingleThreadEventExecutor.java:997)
	at io.netty.util.internal.ThreadExecutorMap$2.run(ThreadExecutorMap.java:74)
	at java.lang.Thread.run(Thread.java:750)
2023-10-25 12:06:54,639 ERROR main                             - SOFA-BOOT-01-24000: ReadinessCheckCallback readiness check result: failed
2023-10-25 12:06:54,639 ERROR main                             - SOFA-BOOT-01-20000: Readiness check result: fail
2023-10-25 12:07:51,358 ERROR main                             - SOFA-BOOT-01-24002: Error occurred while doing ReadinessCheckCallback[rpcAfterHealthCheckCallback] check
com.alipay.sofa.rpc.core.exception.SofaRpcRuntimeException: RPC-010000025: 启动 bolt 服务失败.请查看 bolt 日志获取更多细节. 
	at com.alipay.sofa.rpc.server.bolt.BoltServer.start(BoltServer.java:133)
	at com.alipay.sofa.rpc.boot.container.ServerConfigContainer.startServers(ServerConfigContainer.java:116)
	at com.alipay.sofa.rpc.boot.context.SofaBootRpcStartListener.onApplicationEvent(SofaBootRpcStartListener.java:79)
	at com.alipay.sofa.rpc.boot.context.SofaBootRpcStartListener.onApplicationEvent(SofaBootRpcStartListener.java:40)
	at org.springframework.context.event.SimpleApplicationEventMulticaster.doInvokeListener(SimpleApplicationEventMulticaster.java:176)
	at org.springframework.context.event.SimpleApplicationEventMulticaster.invokeListener(SimpleApplicationEventMulticaster.java:169)
	at org.springframework.context.event.SimpleApplicationEventMulticaster.multicastEvent(SimpleApplicationEventMulticaster.java:143)
	at org.springframework.context.support.AbstractApplicationContext.publishEvent(AbstractApplicationContext.java:421)
	at org.springframework.context.support.AbstractApplicationContext.publishEvent(AbstractApplicationContext.java:378)
	at com.alipay.sofa.rpc.boot.health.RpcAfterHealthCheckCallback.onHealthy(RpcAfterHealthCheckCallback.java:46)
	at com.alipay.sofa.healthcheck.AfterReadinessCheckCallbackProcessor.doHealthCheckCallback(AfterReadinessCheckCallbackProcessor.java:110)
	at com.alipay.sofa.healthcheck.AfterReadinessCheckCallbackProcessor.afterReadinessCheckCallback(AfterReadinessCheckCallbackProcessor.java:80)
	at com.alipay.sofa.healthcheck.ReadinessCheckListener.readinessHealthCheck(ReadinessCheckListener.java:189)
	at com.alipay.sofa.healthcheck.ReadinessCheckListener.onContextRefreshedEvent(ReadinessCheckListener.java:138)
	at com.alipay.sofa.healthcheck.ReadinessCheckListener.onApplicationEvent(ReadinessCheckListener.java:127)
	at org.springframework.context.event.SimpleApplicationEventMulticaster.doInvokeListener(SimpleApplicationEventMulticaster.java:176)
	at org.springframework.context.event.SimpleApplicationEventMulticaster.invokeListener(SimpleApplicationEventMulticaster.java:169)
	at org.springframework.context.event.SimpleApplicationEventMulticaster.multicastEvent(SimpleApplicationEventMulticaster.java:143)
	at org.springframework.context.support.AbstractApplicationContext.publishEvent(AbstractApplicationContext.java:421)
	at org.springframework.context.support.AbstractApplicationContext.publishEvent(AbstractApplicationContext.java:378)
	at org.springframework.context.support.AbstractApplicationContext.finishRefresh(AbstractApplicationContext.java:941)
	at org.springframework.context.support.AbstractApplicationContext.refresh(AbstractApplicationContext.java:586)
	at org.springframework.boot.web.servlet.context.ServletWebServerApplicationContext.refresh(ServletWebServerApplicationContext.java:147)
	at org.springframework.boot.SpringApplication.refresh(SpringApplication.java:731)
	at org.springframework.boot.SpringApplication.refreshContext(SpringApplication.java:408)
	at org.springframework.boot.SpringApplication.run(SpringApplication.java:307)
	at org.springframework.boot.SpringApplication.run(SpringApplication.java:1303)
	at org.springframework.boot.SpringApplication.run(SpringApplication.java:1292)
	at com.UsersApplication.main(UsersApplication.java:13)
Caused by: java.lang.IllegalStateException: ERROR: Failed to start the Server!
	at com.alipay.remoting.AbstractRemotingServer.start(AbstractRemotingServer.java:74)
	at com.alipay.sofa.rpc.server.bolt.BoltServer.start(BoltServer.java:116)
	... 28 common frames omitted
Caused by: java.net.BindException: Address already in use: bind
	at sun.nio.ch.Net.bind0(Native Method)
	at sun.nio.ch.Net.bind(Net.java:461)
	at sun.nio.ch.Net.bind(Net.java:453)
	at sun.nio.ch.ServerSocketChannelImpl.bind(ServerSocketChannelImpl.java:222)
	at io.netty.channel.socket.nio.NioServerSocketChannel.doBind(NioServerSocketChannel.java:141)
	at io.netty.channel.AbstractChannel$AbstractUnsafe.bind(AbstractChannel.java:562)
	at io.netty.channel.DefaultChannelPipeline$HeadContext.bind(DefaultChannelPipeline.java:1334)
	at io.netty.channel.AbstractChannelHandlerContext.invokeBind(AbstractChannelHandlerContext.java:600)
	at io.netty.channel.AbstractChannelHandlerContext.bind(AbstractChannelHandlerContext.java:579)
	at io.netty.channel.DefaultChannelPipeline.bind(DefaultChannelPipeline.java:973)
	at io.netty.channel.AbstractChannel.bind(AbstractChannel.java:260)
	at io.netty.bootstrap.AbstractBootstrap$2.run(AbstractBootstrap.java:356)
	at io.netty.util.concurrent.AbstractEventExecutor.runTask(AbstractEventExecutor.java:174)
	at io.netty.util.concurrent.AbstractEventExecutor.safeExecute(AbstractEventExecutor.java:167)
	at io.netty.util.concurrent.SingleThreadEventExecutor.runAllTasks(SingleThreadEventExecutor.java:470)
	at io.netty.channel.nio.NioEventLoop.run(NioEventLoop.java:569)
	at io.netty.util.concurrent.SingleThreadEventExecutor$4.run(SingleThreadEventExecutor.java:997)
	at io.netty.util.internal.ThreadExecutorMap$2.run(ThreadExecutorMap.java:74)
	at java.lang.Thread.run(Thread.java:750)
2023-10-25 12:07:51,359 ERROR main                             - SOFA-BOOT-01-24000: ReadinessCheckCallback readiness check result: failed
2023-10-25 12:07:51,359 ERROR main                             - SOFA-BOOT-01-20000: Readiness check result: fail
2023-10-25 12:08:19,308 ERROR main                             - SOFA-BOOT-01-24002: Error occurred while doing ReadinessCheckCallback[rpcAfterHealthCheckCallback] check
com.alipay.sofa.rpc.core.exception.SofaRpcRuntimeException: RPC-010000025: 启动 bolt 服务失败.请查看 bolt 日志获取更多细节. 
	at com.alipay.sofa.rpc.server.bolt.BoltServer.start(BoltServer.java:133)
	at com.alipay.sofa.rpc.boot.container.ServerConfigContainer.startServers(ServerConfigContainer.java:116)
	at com.alipay.sofa.rpc.boot.context.SofaBootRpcStartListener.onApplicationEvent(SofaBootRpcStartListener.java:79)
	at com.alipay.sofa.rpc.boot.context.SofaBootRpcStartListener.onApplicationEvent(SofaBootRpcStartListener.java:40)
	at org.springframework.context.event.SimpleApplicationEventMulticaster.doInvokeListener(SimpleApplicationEventMulticaster.java:176)
	at org.springframework.context.event.SimpleApplicationEventMulticaster.invokeListener(SimpleApplicationEventMulticaster.java:169)
	at org.springframework.context.event.SimpleApplicationEventMulticaster.multicastEvent(SimpleApplicationEventMulticaster.java:143)
	at org.springframework.context.support.AbstractApplicationContext.publishEvent(AbstractApplicationContext.java:421)
	at org.springframework.context.support.AbstractApplicationContext.publishEvent(AbstractApplicationContext.java:378)
	at com.alipay.sofa.rpc.boot.health.RpcAfterHealthCheckCallback.onHealthy(RpcAfterHealthCheckCallback.java:46)
	at com.alipay.sofa.healthcheck.AfterReadinessCheckCallbackProcessor.doHealthCheckCallback(AfterReadinessCheckCallbackProcessor.java:110)
	at com.alipay.sofa.healthcheck.AfterReadinessCheckCallbackProcessor.afterReadinessCheckCallback(AfterReadinessCheckCallbackProcessor.java:80)
	at com.alipay.sofa.healthcheck.ReadinessCheckListener.readinessHealthCheck(ReadinessCheckListener.java:189)
	at com.alipay.sofa.healthcheck.ReadinessCheckListener.onContextRefreshedEvent(ReadinessCheckListener.java:138)
	at com.alipay.sofa.healthcheck.ReadinessCheckListener.onApplicationEvent(ReadinessCheckListener.java:127)
	at org.springframework.context.event.SimpleApplicationEventMulticaster.doInvokeListener(SimpleApplicationEventMulticaster.java:176)
	at org.springframework.context.event.SimpleApplicationEventMulticaster.invokeListener(SimpleApplicationEventMulticaster.java:169)
	at org.springframework.context.event.SimpleApplicationEventMulticaster.multicastEvent(SimpleApplicationEventMulticaster.java:143)
	at org.springframework.context.support.AbstractApplicationContext.publishEvent(AbstractApplicationContext.java:421)
	at org.springframework.context.support.AbstractApplicationContext.publishEvent(AbstractApplicationContext.java:378)
	at org.springframework.context.support.AbstractApplicationContext.finishRefresh(AbstractApplicationContext.java:941)
	at org.springframework.context.support.AbstractApplicationContext.refresh(AbstractApplicationContext.java:586)
	at org.springframework.boot.web.servlet.context.ServletWebServerApplicationContext.refresh(ServletWebServerApplicationContext.java:147)
	at org.springframework.boot.SpringApplication.refresh(SpringApplication.java:731)
	at org.springframework.boot.SpringApplication.refreshContext(SpringApplication.java:408)
	at org.springframework.boot.SpringApplication.run(SpringApplication.java:307)
	at org.springframework.boot.SpringApplication.run(SpringApplication.java:1303)
	at org.springframework.boot.SpringApplication.run(SpringApplication.java:1292)
	at com.UsersApplication.main(UsersApplication.java:13)
Caused by: java.lang.IllegalStateException: ERROR: Failed to start the Server!
	at com.alipay.remoting.AbstractRemotingServer.start(AbstractRemotingServer.java:74)
	at com.alipay.sofa.rpc.server.bolt.BoltServer.start(BoltServer.java:116)
	... 28 common frames omitted
Caused by: java.net.BindException: Address already in use: bind
	at sun.nio.ch.Net.bind0(Native Method)
	at sun.nio.ch.Net.bind(Net.java:461)
	at sun.nio.ch.Net.bind(Net.java:453)
	at sun.nio.ch.ServerSocketChannelImpl.bind(ServerSocketChannelImpl.java:222)
	at io.netty.channel.socket.nio.NioServerSocketChannel.doBind(NioServerSocketChannel.java:141)
	at io.netty.channel.AbstractChannel$AbstractUnsafe.bind(AbstractChannel.java:562)
	at io.netty.channel.DefaultChannelPipeline$HeadContext.bind(DefaultChannelPipeline.java:1334)
	at io.netty.channel.AbstractChannelHandlerContext.invokeBind(AbstractChannelHandlerContext.java:600)
	at io.netty.channel.AbstractChannelHandlerContext.bind(AbstractChannelHandlerContext.java:579)
	at io.netty.channel.DefaultChannelPipeline.bind(DefaultChannelPipeline.java:973)
	at io.netty.channel.AbstractChannel.bind(AbstractChannel.java:260)
	at io.netty.bootstrap.AbstractBootstrap$2.run(AbstractBootstrap.java:356)
	at io.netty.util.concurrent.AbstractEventExecutor.runTask(AbstractEventExecutor.java:174)
	at io.netty.util.concurrent.AbstractEventExecutor.safeExecute(AbstractEventExecutor.java:167)
	at io.netty.util.concurrent.SingleThreadEventExecutor.runAllTasks(SingleThreadEventExecutor.java:470)
	at io.netty.channel.nio.NioEventLoop.run(NioEventLoop.java:569)
	at io.netty.util.concurrent.SingleThreadEventExecutor$4.run(SingleThreadEventExecutor.java:997)
	at io.netty.util.internal.ThreadExecutorMap$2.run(ThreadExecutorMap.java:74)
	at java.lang.Thread.run(Thread.java:750)
2023-10-25 12:08:19,308 ERROR main                             - SOFA-BOOT-01-24000: ReadinessCheckCallback readiness check result: failed
2023-10-25 12:08:19,309 ERROR main                             - SOFA-BOOT-01-20000: Readiness check result: fail
2023-10-25 12:10:12,508 ERROR main                             - SOFA-BOOT-01-24002: Error occurred while doing ReadinessCheckCallback[rpcAfterHealthCheckCallback] check
com.alipay.sofa.rpc.core.exception.SofaRpcRuntimeException: RPC-010000025: 启动 bolt 服务失败.请查看 bolt 日志获取更多细节. 
	at com.alipay.sofa.rpc.server.bolt.BoltServer.start(BoltServer.java:133)
	at com.alipay.sofa.rpc.boot.container.ServerConfigContainer.startServers(ServerConfigContainer.java:116)
	at com.alipay.sofa.rpc.boot.context.SofaBootRpcStartListener.onApplicationEvent(SofaBootRpcStartListener.java:79)
	at com.alipay.sofa.rpc.boot.context.SofaBootRpcStartListener.onApplicationEvent(SofaBootRpcStartListener.java:40)
	at org.springframework.context.event.SimpleApplicationEventMulticaster.doInvokeListener(SimpleApplicationEventMulticaster.java:176)
	at org.springframework.context.event.SimpleApplicationEventMulticaster.invokeListener(SimpleApplicationEventMulticaster.java:169)
	at org.springframework.context.event.SimpleApplicationEventMulticaster.multicastEvent(SimpleApplicationEventMulticaster.java:143)
	at org.springframework.context.support.AbstractApplicationContext.publishEvent(AbstractApplicationContext.java:421)
	at org.springframework.context.support.AbstractApplicationContext.publishEvent(AbstractApplicationContext.java:378)
	at com.alipay.sofa.rpc.boot.health.RpcAfterHealthCheckCallback.onHealthy(RpcAfterHealthCheckCallback.java:46)
	at com.alipay.sofa.healthcheck.AfterReadinessCheckCallbackProcessor.doHealthCheckCallback(AfterReadinessCheckCallbackProcessor.java:110)
	at com.alipay.sofa.healthcheck.AfterReadinessCheckCallbackProcessor.afterReadinessCheckCallback(AfterReadinessCheckCallbackProcessor.java:80)
	at com.alipay.sofa.healthcheck.ReadinessCheckListener.readinessHealthCheck(ReadinessCheckListener.java:189)
	at com.alipay.sofa.healthcheck.ReadinessCheckListener.onContextRefreshedEvent(ReadinessCheckListener.java:138)
	at com.alipay.sofa.healthcheck.ReadinessCheckListener.onApplicationEvent(ReadinessCheckListener.java:127)
	at org.springframework.context.event.SimpleApplicationEventMulticaster.doInvokeListener(SimpleApplicationEventMulticaster.java:176)
	at org.springframework.context.event.SimpleApplicationEventMulticaster.invokeListener(SimpleApplicationEventMulticaster.java:169)
	at org.springframework.context.event.SimpleApplicationEventMulticaster.multicastEvent(SimpleApplicationEventMulticaster.java:143)
	at org.springframework.context.support.AbstractApplicationContext.publishEvent(AbstractApplicationContext.java:421)
	at org.springframework.context.support.AbstractApplicationContext.publishEvent(AbstractApplicationContext.java:378)
	at org.springframework.context.support.AbstractApplicationContext.finishRefresh(AbstractApplicationContext.java:941)
	at org.springframework.context.support.AbstractApplicationContext.refresh(AbstractApplicationContext.java:586)
	at org.springframework.boot.web.servlet.context.ServletWebServerApplicationContext.refresh(ServletWebServerApplicationContext.java:147)
	at org.springframework.boot.SpringApplication.refresh(SpringApplication.java:731)
	at org.springframework.boot.SpringApplication.refreshContext(SpringApplication.java:408)
	at org.springframework.boot.SpringApplication.run(SpringApplication.java:307)
	at org.springframework.boot.SpringApplication.run(SpringApplication.java:1303)
	at org.springframework.boot.SpringApplication.run(SpringApplication.java:1292)
	at com.UsersApplication.main(UsersApplication.java:13)
Caused by: java.lang.IllegalStateException: ERROR: Failed to start the Server!
	at com.alipay.remoting.AbstractRemotingServer.start(AbstractRemotingServer.java:74)
	at com.alipay.sofa.rpc.server.bolt.BoltServer.start(BoltServer.java:116)
	... 28 common frames omitted
Caused by: java.net.BindException: Address already in use: bind
	at sun.nio.ch.Net.bind0(Native Method)
	at sun.nio.ch.Net.bind(Net.java:461)
	at sun.nio.ch.Net.bind(Net.java:453)
	at sun.nio.ch.ServerSocketChannelImpl.bind(ServerSocketChannelImpl.java:222)
	at io.netty.channel.socket.nio.NioServerSocketChannel.doBind(NioServerSocketChannel.java:141)
	at io.netty.channel.AbstractChannel$AbstractUnsafe.bind(AbstractChannel.java:562)
	at io.netty.channel.DefaultChannelPipeline$HeadContext.bind(DefaultChannelPipeline.java:1334)
	at io.netty.channel.AbstractChannelHandlerContext.invokeBind(AbstractChannelHandlerContext.java:600)
	at io.netty.channel.AbstractChannelHandlerContext.bind(AbstractChannelHandlerContext.java:579)
	at io.netty.channel.DefaultChannelPipeline.bind(DefaultChannelPipeline.java:973)
	at io.netty.channel.AbstractChannel.bind(AbstractChannel.java:260)
	at io.netty.bootstrap.AbstractBootstrap$2.run(AbstractBootstrap.java:356)
	at io.netty.util.concurrent.AbstractEventExecutor.runTask(AbstractEventExecutor.java:174)
	at io.netty.util.concurrent.AbstractEventExecutor.safeExecute(AbstractEventExecutor.java:167)
	at io.netty.util.concurrent.SingleThreadEventExecutor.runAllTasks(SingleThreadEventExecutor.java:470)
	at io.netty.channel.nio.NioEventLoop.run(NioEventLoop.java:569)
	at io.netty.util.concurrent.SingleThreadEventExecutor$4.run(SingleThreadEventExecutor.java:997)
	at io.netty.util.internal.ThreadExecutorMap$2.run(ThreadExecutorMap.java:74)
	at java.lang.Thread.run(Thread.java:750)
2023-10-25 12:10:12,509 ERROR main                             - SOFA-BOOT-01-24000: ReadinessCheckCallback readiness check result: failed
2023-10-25 12:10:12,509 ERROR main                             - SOFA-BOOT-01-20000: Readiness check result: fail
2023-10-25 12:10:30,997 ERROR main                             - SOFA-BOOT-01-24002: Error occurred while doing ReadinessCheckCallback[rpcAfterHealthCheckCallback] check
com.alipay.sofa.rpc.core.exception.SofaRpcRuntimeException: RPC-010000025: 启动 bolt 服务失败.请查看 bolt 日志获取更多细节. 
	at com.alipay.sofa.rpc.server.bolt.BoltServer.start(BoltServer.java:133)
	at com.alipay.sofa.rpc.boot.container.ServerConfigContainer.startServers(ServerConfigContainer.java:116)
	at com.alipay.sofa.rpc.boot.context.SofaBootRpcStartListener.onApplicationEvent(SofaBootRpcStartListener.java:79)
	at com.alipay.sofa.rpc.boot.context.SofaBootRpcStartListener.onApplicationEvent(SofaBootRpcStartListener.java:40)
	at org.springframework.context.event.SimpleApplicationEventMulticaster.doInvokeListener(SimpleApplicationEventMulticaster.java:176)
	at org.springframework.context.event.SimpleApplicationEventMulticaster.invokeListener(SimpleApplicationEventMulticaster.java:169)
	at org.springframework.context.event.SimpleApplicationEventMulticaster.multicastEvent(SimpleApplicationEventMulticaster.java:143)
	at org.springframework.context.support.AbstractApplicationContext.publishEvent(AbstractApplicationContext.java:421)
	at org.springframework.context.support.AbstractApplicationContext.publishEvent(AbstractApplicationContext.java:378)
	at com.alipay.sofa.rpc.boot.health.RpcAfterHealthCheckCallback.onHealthy(RpcAfterHealthCheckCallback.java:46)
	at com.alipay.sofa.healthcheck.AfterReadinessCheckCallbackProcessor.doHealthCheckCallback(AfterReadinessCheckCallbackProcessor.java:110)
	at com.alipay.sofa.healthcheck.AfterReadinessCheckCallbackProcessor.afterReadinessCheckCallback(AfterReadinessCheckCallbackProcessor.java:80)
	at com.alipay.sofa.healthcheck.ReadinessCheckListener.readinessHealthCheck(ReadinessCheckListener.java:189)
	at com.alipay.sofa.healthcheck.ReadinessCheckListener.onContextRefreshedEvent(ReadinessCheckListener.java:138)
	at com.alipay.sofa.healthcheck.ReadinessCheckListener.onApplicationEvent(ReadinessCheckListener.java:127)
	at org.springframework.context.event.SimpleApplicationEventMulticaster.doInvokeListener(SimpleApplicationEventMulticaster.java:176)
	at org.springframework.context.event.SimpleApplicationEventMulticaster.invokeListener(SimpleApplicationEventMulticaster.java:169)
	at org.springframework.context.event.SimpleApplicationEventMulticaster.multicastEvent(SimpleApplicationEventMulticaster.java:143)
	at org.springframework.context.support.AbstractApplicationContext.publishEvent(AbstractApplicationContext.java:421)
	at org.springframework.context.support.AbstractApplicationContext.publishEvent(AbstractApplicationContext.java:378)
	at org.springframework.context.support.AbstractApplicationContext.finishRefresh(AbstractApplicationContext.java:941)
	at org.springframework.context.support.AbstractApplicationContext.refresh(AbstractApplicationContext.java:586)
	at org.springframework.boot.web.servlet.context.ServletWebServerApplicationContext.refresh(ServletWebServerApplicationContext.java:147)
	at org.springframework.boot.SpringApplication.refresh(SpringApplication.java:731)
	at org.springframework.boot.SpringApplication.refreshContext(SpringApplication.java:408)
	at org.springframework.boot.SpringApplication.run(SpringApplication.java:307)
	at org.springframework.boot.SpringApplication.run(SpringApplication.java:1303)
	at org.springframework.boot.SpringApplication.run(SpringApplication.java:1292)
	at com.UsersApplication.main(UsersApplication.java:13)
Caused by: java.lang.IllegalStateException: ERROR: Failed to start the Server!
	at com.alipay.remoting.AbstractRemotingServer.start(AbstractRemotingServer.java:74)
	at com.alipay.sofa.rpc.server.bolt.BoltServer.start(BoltServer.java:116)
	... 28 common frames omitted
Caused by: java.net.BindException: Address already in use: bind
	at sun.nio.ch.Net.bind0(Native Method)
	at sun.nio.ch.Net.bind(Net.java:461)
	at sun.nio.ch.Net.bind(Net.java:453)
	at sun.nio.ch.ServerSocketChannelImpl.bind(ServerSocketChannelImpl.java:222)
	at io.netty.channel.socket.nio.NioServerSocketChannel.doBind(NioServerSocketChannel.java:141)
	at io.netty.channel.AbstractChannel$AbstractUnsafe.bind(AbstractChannel.java:562)
	at io.netty.channel.DefaultChannelPipeline$HeadContext.bind(DefaultChannelPipeline.java:1334)
	at io.netty.channel.AbstractChannelHandlerContext.invokeBind(AbstractChannelHandlerContext.java:600)
	at io.netty.channel.AbstractChannelHandlerContext.bind(AbstractChannelHandlerContext.java:579)
	at io.netty.channel.DefaultChannelPipeline.bind(DefaultChannelPipeline.java:973)
	at io.netty.channel.AbstractChannel.bind(AbstractChannel.java:260)
	at io.netty.bootstrap.AbstractBootstrap$2.run(AbstractBootstrap.java:356)
	at io.netty.util.concurrent.AbstractEventExecutor.runTask(AbstractEventExecutor.java:174)
	at io.netty.util.concurrent.AbstractEventExecutor.safeExecute(AbstractEventExecutor.java:167)
	at io.netty.util.concurrent.SingleThreadEventExecutor.runAllTasks(SingleThreadEventExecutor.java:470)
	at io.netty.channel.nio.NioEventLoop.run(NioEventLoop.java:569)
	at io.netty.util.concurrent.SingleThreadEventExecutor$4.run(SingleThreadEventExecutor.java:997)
	at io.netty.util.internal.ThreadExecutorMap$2.run(ThreadExecutorMap.java:74)
	at java.lang.Thread.run(Thread.java:750)
2023-10-25 12:10:30,998 ERROR main                             - SOFA-BOOT-01-24000: ReadinessCheckCallback readiness check result: failed
2023-10-25 12:10:30,998 ERROR main                             - SOFA-BOOT-01-20000: Readiness check result: fail
2023-10-25 12:14:58,256 ERROR main                             - SOFA-BOOT-01-24002: Error occurred while doing ReadinessCheckCallback[rpcAfterHealthCheckCallback] check
com.alipay.sofa.rpc.core.exception.SofaRpcRuntimeException: RPC-010000025: 启动 bolt 服务失败.请查看 bolt 日志获取更多细节. 
	at com.alipay.sofa.rpc.server.bolt.BoltServer.start(BoltServer.java:133)
	at com.alipay.sofa.rpc.boot.container.ServerConfigContainer.startServers(ServerConfigContainer.java:116)
	at com.alipay.sofa.rpc.boot.context.SofaBootRpcStartListener.onApplicationEvent(SofaBootRpcStartListener.java:79)
	at com.alipay.sofa.rpc.boot.context.SofaBootRpcStartListener.onApplicationEvent(SofaBootRpcStartListener.java:40)
	at org.springframework.context.event.SimpleApplicationEventMulticaster.doInvokeListener(SimpleApplicationEventMulticaster.java:176)
	at org.springframework.context.event.SimpleApplicationEventMulticaster.invokeListener(SimpleApplicationEventMulticaster.java:169)
	at org.springframework.context.event.SimpleApplicationEventMulticaster.multicastEvent(SimpleApplicationEventMulticaster.java:143)
	at org.springframework.context.support.AbstractApplicationContext.publishEvent(AbstractApplicationContext.java:421)
	at org.springframework.context.support.AbstractApplicationContext.publishEvent(AbstractApplicationContext.java:378)
	at com.alipay.sofa.rpc.boot.health.RpcAfterHealthCheckCallback.onHealthy(RpcAfterHealthCheckCallback.java:46)
	at com.alipay.sofa.healthcheck.AfterReadinessCheckCallbackProcessor.doHealthCheckCallback(AfterReadinessCheckCallbackProcessor.java:110)
	at com.alipay.sofa.healthcheck.AfterReadinessCheckCallbackProcessor.afterReadinessCheckCallback(AfterReadinessCheckCallbackProcessor.java:80)
	at com.alipay.sofa.healthcheck.ReadinessCheckListener.readinessHealthCheck(ReadinessCheckListener.java:189)
	at com.alipay.sofa.healthcheck.ReadinessCheckListener.onContextRefreshedEvent(ReadinessCheckListener.java:138)
	at com.alipay.sofa.healthcheck.ReadinessCheckListener.onApplicationEvent(ReadinessCheckListener.java:127)
	at org.springframework.context.event.SimpleApplicationEventMulticaster.doInvokeListener(SimpleApplicationEventMulticaster.java:176)
	at org.springframework.context.event.SimpleApplicationEventMulticaster.invokeListener(SimpleApplicationEventMulticaster.java:169)
	at org.springframework.context.event.SimpleApplicationEventMulticaster.multicastEvent(SimpleApplicationEventMulticaster.java:143)
	at org.springframework.context.support.AbstractApplicationContext.publishEvent(AbstractApplicationContext.java:421)
	at org.springframework.context.support.AbstractApplicationContext.publishEvent(AbstractApplicationContext.java:378)
	at org.springframework.context.support.AbstractApplicationContext.finishRefresh(AbstractApplicationContext.java:941)
	at org.springframework.context.support.AbstractApplicationContext.refresh(AbstractApplicationContext.java:586)
	at org.springframework.boot.web.servlet.context.ServletWebServerApplicationContext.refresh(ServletWebServerApplicationContext.java:147)
	at org.springframework.boot.SpringApplication.refresh(SpringApplication.java:731)
	at org.springframework.boot.SpringApplication.refreshContext(SpringApplication.java:408)
	at org.springframework.boot.SpringApplication.run(SpringApplication.java:307)
	at org.springframework.boot.SpringApplication.run(SpringApplication.java:1303)
	at org.springframework.boot.SpringApplication.run(SpringApplication.java:1292)
	at com.UsersApplication.main(UsersApplication.java:13)
Caused by: java.lang.IllegalStateException: ERROR: Failed to start the Server!
	at com.alipay.remoting.AbstractRemotingServer.start(AbstractRemotingServer.java:74)
	at com.alipay.sofa.rpc.server.bolt.BoltServer.start(BoltServer.java:116)
	... 28 common frames omitted
Caused by: java.net.BindException: Address already in use: bind
	at sun.nio.ch.Net.bind0(Native Method)
	at sun.nio.ch.Net.bind(Net.java:461)
	at sun.nio.ch.Net.bind(Net.java:453)
	at sun.nio.ch.ServerSocketChannelImpl.bind(ServerSocketChannelImpl.java:222)
	at io.netty.channel.socket.nio.NioServerSocketChannel.doBind(NioServerSocketChannel.java:141)
	at io.netty.channel.AbstractChannel$AbstractUnsafe.bind(AbstractChannel.java:562)
	at io.netty.channel.DefaultChannelPipeline$HeadContext.bind(DefaultChannelPipeline.java:1334)
	at io.netty.channel.AbstractChannelHandlerContext.invokeBind(AbstractChannelHandlerContext.java:600)
	at io.netty.channel.AbstractChannelHandlerContext.bind(AbstractChannelHandlerContext.java:579)
	at io.netty.channel.DefaultChannelPipeline.bind(DefaultChannelPipeline.java:973)
	at io.netty.channel.AbstractChannel.bind(AbstractChannel.java:260)
	at io.netty.bootstrap.AbstractBootstrap$2.run(AbstractBootstrap.java:356)
	at io.netty.util.concurrent.AbstractEventExecutor.runTask(AbstractEventExecutor.java:174)
	at io.netty.util.concurrent.AbstractEventExecutor.safeExecute(AbstractEventExecutor.java:167)
	at io.netty.util.concurrent.SingleThreadEventExecutor.runAllTasks(SingleThreadEventExecutor.java:470)
	at io.netty.channel.nio.NioEventLoop.run(NioEventLoop.java:569)
	at io.netty.util.concurrent.SingleThreadEventExecutor$4.run(SingleThreadEventExecutor.java:997)
	at io.netty.util.internal.ThreadExecutorMap$2.run(ThreadExecutorMap.java:74)
	at java.lang.Thread.run(Thread.java:750)
2023-10-25 12:14:58,257 ERROR main                             - SOFA-BOOT-01-24000: ReadinessCheckCallback readiness check result: failed
2023-10-25 12:14:58,257 ERROR main                             - SOFA-BOOT-01-20000: Readiness check result: fail
2023-10-25 12:15:31,638 ERROR main                             - SOFA-BOOT-01-24002: Error occurred while doing ReadinessCheckCallback[rpcAfterHealthCheckCallback] check
java.lang.NoClassDefFoundError: com/alibaba/nacos/api/exception/NacosException
	at com.alipay.sofa.rpc.registry.nacos.NacosRegistry.init(NacosRegistry.java:144)
	at com.alipay.sofa.rpc.boot.container.ProviderConfigContainer.publishAllProviderConfig(ProviderConfigContainer.java:119)
	at com.alipay.sofa.rpc.boot.context.SofaBootRpcStartListener.onApplicationEvent(SofaBootRpcStartListener.java:86)
	at com.alipay.sofa.rpc.boot.context.SofaBootRpcStartListener.onApplicationEvent(SofaBootRpcStartListener.java:40)
	at org.springframework.context.event.SimpleApplicationEventMulticaster.doInvokeListener(SimpleApplicationEventMulticaster.java:176)
	at org.springframework.context.event.SimpleApplicationEventMulticaster.invokeListener(SimpleApplicationEventMulticaster.java:169)
	at org.springframework.context.event.SimpleApplicationEventMulticaster.multicastEvent(SimpleApplicationEventMulticaster.java:143)
	at org.springframework.context.support.AbstractApplicationContext.publishEvent(AbstractApplicationContext.java:421)
	at org.springframework.context.support.AbstractApplicationContext.publishEvent(AbstractApplicationContext.java:378)
	at com.alipay.sofa.rpc.boot.health.RpcAfterHealthCheckCallback.onHealthy(RpcAfterHealthCheckCallback.java:46)
	at com.alipay.sofa.healthcheck.AfterReadinessCheckCallbackProcessor.doHealthCheckCallback(AfterReadinessCheckCallbackProcessor.java:110)
	at com.alipay.sofa.healthcheck.AfterReadinessCheckCallbackProcessor.afterReadinessCheckCallback(AfterReadinessCheckCallbackProcessor.java:80)
	at com.alipay.sofa.healthcheck.ReadinessCheckListener.readinessHealthCheck(ReadinessCheckListener.java:189)
	at com.alipay.sofa.healthcheck.ReadinessCheckListener.onContextRefreshedEvent(ReadinessCheckListener.java:138)
	at com.alipay.sofa.healthcheck.ReadinessCheckListener.onApplicationEvent(ReadinessCheckListener.java:127)
	at org.springframework.context.event.SimpleApplicationEventMulticaster.doInvokeListener(SimpleApplicationEventMulticaster.java:176)
	at org.springframework.context.event.SimpleApplicationEventMulticaster.invokeListener(SimpleApplicationEventMulticaster.java:169)
	at org.springframework.context.event.SimpleApplicationEventMulticaster.multicastEvent(SimpleApplicationEventMulticaster.java:143)
	at org.springframework.context.support.AbstractApplicationContext.publishEvent(AbstractApplicationContext.java:421)
	at org.springframework.context.support.AbstractApplicationContext.publishEvent(AbstractApplicationContext.java:378)
	at org.springframework.context.support.AbstractApplicationContext.finishRefresh(AbstractApplicationContext.java:941)
	at org.springframework.context.support.AbstractApplicationContext.refresh(AbstractApplicationContext.java:586)
	at org.springframework.boot.web.servlet.context.ServletWebServerApplicationContext.refresh(ServletWebServerApplicationContext.java:147)
	at org.springframework.boot.SpringApplication.refresh(SpringApplication.java:731)
	at org.springframework.boot.SpringApplication.refreshContext(SpringApplication.java:408)
	at org.springframework.boot.SpringApplication.run(SpringApplication.java:307)
	at org.springframework.boot.SpringApplication.run(SpringApplication.java:1303)
	at org.springframework.boot.SpringApplication.run(SpringApplication.java:1292)
	at com.UsersApplication.main(UsersApplication.java:13)
Caused by: java.lang.ClassNotFoundException: com.alibaba.nacos.api.exception.NacosException
	at java.net.URLClassLoader.findClass(URLClassLoader.java:387)
	at java.lang.ClassLoader.loadClass(ClassLoader.java:418)
	at sun.misc.Launcher$AppClassLoader.loadClass(Launcher.java:352)
	at java.lang.ClassLoader.loadClass(ClassLoader.java:351)
	... 29 common frames omitted
2023-10-25 12:15:31,638 ERROR main                             - SOFA-BOOT-01-24000: ReadinessCheckCallback readiness check result: failed
2023-10-25 12:15:31,638 ERROR main                             - SOFA-BOOT-01-20000: Readiness check result: fail
2023-10-25 12:18:44,079 ERROR main                             - SOFA-BOOT-01-24002: Error occurred while doing ReadinessCheckCallback[rpcAfterHealthCheckCallback] check
java.lang.NoClassDefFoundError: com/alibaba/nacos/api/exception/NacosException
	at com.alipay.sofa.rpc.registry.nacos.NacosRegistry.init(NacosRegistry.java:144)
	at com.alipay.sofa.rpc.boot.container.ProviderConfigContainer.publishAllProviderConfig(ProviderConfigContainer.java:119)
	at com.alipay.sofa.rpc.boot.context.SofaBootRpcStartListener.onApplicationEvent(SofaBootRpcStartListener.java:86)
	at com.alipay.sofa.rpc.boot.context.SofaBootRpcStartListener.onApplicationEvent(SofaBootRpcStartListener.java:40)
	at org.springframework.context.event.SimpleApplicationEventMulticaster.doInvokeListener(SimpleApplicationEventMulticaster.java:176)
	at org.springframework.context.event.SimpleApplicationEventMulticaster.invokeListener(SimpleApplicationEventMulticaster.java:169)
	at org.springframework.context.event.SimpleApplicationEventMulticaster.multicastEvent(SimpleApplicationEventMulticaster.java:143)
	at org.springframework.context.support.AbstractApplicationContext.publishEvent(AbstractApplicationContext.java:421)
	at org.springframework.context.support.AbstractApplicationContext.publishEvent(AbstractApplicationContext.java:378)
	at com.alipay.sofa.rpc.boot.health.RpcAfterHealthCheckCallback.onHealthy(RpcAfterHealthCheckCallback.java:46)
	at com.alipay.sofa.healthcheck.AfterReadinessCheckCallbackProcessor.doHealthCheckCallback(AfterReadinessCheckCallbackProcessor.java:110)
	at com.alipay.sofa.healthcheck.AfterReadinessCheckCallbackProcessor.afterReadinessCheckCallback(AfterReadinessCheckCallbackProcessor.java:80)
	at com.alipay.sofa.healthcheck.ReadinessCheckListener.readinessHealthCheck(ReadinessCheckListener.java:189)
	at com.alipay.sofa.healthcheck.ReadinessCheckListener.onContextRefreshedEvent(ReadinessCheckListener.java:138)
	at com.alipay.sofa.healthcheck.ReadinessCheckListener.onApplicationEvent(ReadinessCheckListener.java:127)
	at org.springframework.context.event.SimpleApplicationEventMulticaster.doInvokeListener(SimpleApplicationEventMulticaster.java:176)
	at org.springframework.context.event.SimpleApplicationEventMulticaster.invokeListener(SimpleApplicationEventMulticaster.java:169)
	at org.springframework.context.event.SimpleApplicationEventMulticaster.multicastEvent(SimpleApplicationEventMulticaster.java:143)
	at org.springframework.context.support.AbstractApplicationContext.publishEvent(AbstractApplicationContext.java:421)
	at org.springframework.context.support.AbstractApplicationContext.publishEvent(AbstractApplicationContext.java:378)
	at org.springframework.context.support.AbstractApplicationContext.finishRefresh(AbstractApplicationContext.java:941)
	at org.springframework.context.support.AbstractApplicationContext.refresh(AbstractApplicationContext.java:586)
	at org.springframework.boot.web.servlet.context.ServletWebServerApplicationContext.refresh(ServletWebServerApplicationContext.java:147)
	at org.springframework.boot.SpringApplication.refresh(SpringApplication.java:731)
	at org.springframework.boot.SpringApplication.refreshContext(SpringApplication.java:408)
	at org.springframework.boot.SpringApplication.run(SpringApplication.java:307)
	at org.springframework.boot.SpringApplication.run(SpringApplication.java:1303)
	at org.springframework.boot.SpringApplication.run(SpringApplication.java:1292)
	at com.UsersApplication.main(UsersApplication.java:13)
Caused by: java.lang.ClassNotFoundException: com.alibaba.nacos.api.exception.NacosException
	at java.net.URLClassLoader.findClass(URLClassLoader.java:387)
	at java.lang.ClassLoader.loadClass(ClassLoader.java:418)
	at sun.misc.Launcher$AppClassLoader.loadClass(Launcher.java:352)
	at java.lang.ClassLoader.loadClass(ClassLoader.java:351)
	... 29 common frames omitted
2023-10-25 12:18:44,080 ERROR main                             - SOFA-BOOT-01-24000: ReadinessCheckCallback readiness check result: failed
2023-10-25 12:18:44,080 ERROR main                             - SOFA-BOOT-01-20000: Readiness check result: fail
2023-10-25 12:19:22,196 ERROR main                             - SOFA-BOOT-01-24002: Error occurred while doing ReadinessCheckCallback[rpcAfterHealthCheckCallback] check
com.alipay.sofa.rpc.core.exception.SofaRpcRuntimeException: RPC-010000025: 启动 bolt 服务失败.请查看 bolt 日志获取更多细节. 
	at com.alipay.sofa.rpc.server.bolt.BoltServer.start(BoltServer.java:133)
	at com.alipay.sofa.rpc.boot.container.ServerConfigContainer.startServers(ServerConfigContainer.java:116)
	at com.alipay.sofa.rpc.boot.context.SofaBootRpcStartListener.onApplicationEvent(SofaBootRpcStartListener.java:79)
	at com.alipay.sofa.rpc.boot.context.SofaBootRpcStartListener.onApplicationEvent(SofaBootRpcStartListener.java:40)
	at org.springframework.context.event.SimpleApplicationEventMulticaster.doInvokeListener(SimpleApplicationEventMulticaster.java:176)
	at org.springframework.context.event.SimpleApplicationEventMulticaster.invokeListener(SimpleApplicationEventMulticaster.java:169)
	at org.springframework.context.event.SimpleApplicationEventMulticaster.multicastEvent(SimpleApplicationEventMulticaster.java:143)
	at org.springframework.context.support.AbstractApplicationContext.publishEvent(AbstractApplicationContext.java:421)
	at org.springframework.context.support.AbstractApplicationContext.publishEvent(AbstractApplicationContext.java:378)
	at com.alipay.sofa.rpc.boot.health.RpcAfterHealthCheckCallback.onHealthy(RpcAfterHealthCheckCallback.java:46)
	at com.alipay.sofa.healthcheck.AfterReadinessCheckCallbackProcessor.doHealthCheckCallback(AfterReadinessCheckCallbackProcessor.java:110)
	at com.alipay.sofa.healthcheck.AfterReadinessCheckCallbackProcessor.afterReadinessCheckCallback(AfterReadinessCheckCallbackProcessor.java:80)
	at com.alipay.sofa.healthcheck.ReadinessCheckListener.readinessHealthCheck(ReadinessCheckListener.java:189)
	at com.alipay.sofa.healthcheck.ReadinessCheckListener.onContextRefreshedEvent(ReadinessCheckListener.java:138)
	at com.alipay.sofa.healthcheck.ReadinessCheckListener.onApplicationEvent(ReadinessCheckListener.java:127)
	at org.springframework.context.event.SimpleApplicationEventMulticaster.doInvokeListener(SimpleApplicationEventMulticaster.java:176)
	at org.springframework.context.event.SimpleApplicationEventMulticaster.invokeListener(SimpleApplicationEventMulticaster.java:169)
	at org.springframework.context.event.SimpleApplicationEventMulticaster.multicastEvent(SimpleApplicationEventMulticaster.java:143)
	at org.springframework.context.support.AbstractApplicationContext.publishEvent(AbstractApplicationContext.java:421)
	at org.springframework.context.support.AbstractApplicationContext.publishEvent(AbstractApplicationContext.java:378)
	at org.springframework.context.support.AbstractApplicationContext.finishRefresh(AbstractApplicationContext.java:941)
	at org.springframework.context.support.AbstractApplicationContext.refresh(AbstractApplicationContext.java:586)
	at org.springframework.boot.web.servlet.context.ServletWebServerApplicationContext.refresh(ServletWebServerApplicationContext.java:147)
	at org.springframework.boot.SpringApplication.refresh(SpringApplication.java:731)
	at org.springframework.boot.SpringApplication.refreshContext(SpringApplication.java:408)
	at org.springframework.boot.SpringApplication.run(SpringApplication.java:307)
	at org.springframework.boot.SpringApplication.run(SpringApplication.java:1303)
	at org.springframework.boot.SpringApplication.run(SpringApplication.java:1292)
	at com.ProductApplication.main(ProductApplication.java:13)
Caused by: java.lang.IllegalStateException: ERROR: Failed to start the Server!
	at com.alipay.remoting.AbstractRemotingServer.start(AbstractRemotingServer.java:74)
	at com.alipay.sofa.rpc.server.bolt.BoltServer.start(BoltServer.java:116)
	... 28 common frames omitted
Caused by: java.net.BindException: Address already in use: bind
	at sun.nio.ch.Net.bind0(Native Method)
	at sun.nio.ch.Net.bind(Net.java:461)
	at sun.nio.ch.Net.bind(Net.java:453)
	at sun.nio.ch.ServerSocketChannelImpl.bind(ServerSocketChannelImpl.java:222)
	at io.netty.channel.socket.nio.NioServerSocketChannel.doBind(NioServerSocketChannel.java:141)
	at io.netty.channel.AbstractChannel$AbstractUnsafe.bind(AbstractChannel.java:562)
	at io.netty.channel.DefaultChannelPipeline$HeadContext.bind(DefaultChannelPipeline.java:1334)
	at io.netty.channel.AbstractChannelHandlerContext.invokeBind(AbstractChannelHandlerContext.java:600)
	at io.netty.channel.AbstractChannelHandlerContext.bind(AbstractChannelHandlerContext.java:579)
	at io.netty.channel.DefaultChannelPipeline.bind(DefaultChannelPipeline.java:973)
	at io.netty.channel.AbstractChannel.bind(AbstractChannel.java:260)
	at io.netty.bootstrap.AbstractBootstrap$2.run(AbstractBootstrap.java:356)
	at io.netty.util.concurrent.AbstractEventExecutor.runTask(AbstractEventExecutor.java:174)
	at io.netty.util.concurrent.AbstractEventExecutor.safeExecute(AbstractEventExecutor.java:167)
	at io.netty.util.concurrent.SingleThreadEventExecutor.runAllTasks(SingleThreadEventExecutor.java:470)
	at io.netty.channel.nio.NioEventLoop.run(NioEventLoop.java:569)
	at io.netty.util.concurrent.SingleThreadEventExecutor$4.run(SingleThreadEventExecutor.java:997)
	at io.netty.util.internal.ThreadExecutorMap$2.run(ThreadExecutorMap.java:74)
	at java.lang.Thread.run(Thread.java:750)
2023-10-25 12:19:22,197 ERROR main                             - SOFA-BOOT-01-24000: ReadinessCheckCallback readiness check result: failed
2023-10-25 12:19:22,197 ERROR main                             - SOFA-BOOT-01-20000: Readiness check result: fail
2023-10-25 13:06:54,577 ERROR main                             - SOFA-BOOT-01-24002: Error occurred while doing ReadinessCheckCallback[rpcAfterHealthCheckCallback] check
com.alipay.sofa.rpc.core.exception.SofaRpcRuntimeException: RPC-010000025: 启动 bolt 服务失败.请查看 bolt 日志获取更多细节. 
	at com.alipay.sofa.rpc.server.bolt.BoltServer.start(BoltServer.java:133)
	at com.alipay.sofa.rpc.boot.container.ServerConfigContainer.startServers(ServerConfigContainer.java:116)
	at com.alipay.sofa.rpc.boot.context.SofaBootRpcStartListener.onApplicationEvent(SofaBootRpcStartListener.java:79)
	at com.alipay.sofa.rpc.boot.context.SofaBootRpcStartListener.onApplicationEvent(SofaBootRpcStartListener.java:40)
	at org.springframework.context.event.SimpleApplicationEventMulticaster.doInvokeListener(SimpleApplicationEventMulticaster.java:176)
	at org.springframework.context.event.SimpleApplicationEventMulticaster.invokeListener(SimpleApplicationEventMulticaster.java:169)
	at org.springframework.context.event.SimpleApplicationEventMulticaster.multicastEvent(SimpleApplicationEventMulticaster.java:143)
	at org.springframework.context.support.AbstractApplicationContext.publishEvent(AbstractApplicationContext.java:421)
	at org.springframework.context.support.AbstractApplicationContext.publishEvent(AbstractApplicationContext.java:378)
	at com.alipay.sofa.rpc.boot.health.RpcAfterHealthCheckCallback.onHealthy(RpcAfterHealthCheckCallback.java:46)
	at com.alipay.sofa.healthcheck.AfterReadinessCheckCallbackProcessor.doHealthCheckCallback(AfterReadinessCheckCallbackProcessor.java:110)
	at com.alipay.sofa.healthcheck.AfterReadinessCheckCallbackProcessor.afterReadinessCheckCallback(AfterReadinessCheckCallbackProcessor.java:80)
	at com.alipay.sofa.healthcheck.ReadinessCheckListener.readinessHealthCheck(ReadinessCheckListener.java:189)
	at com.alipay.sofa.healthcheck.ReadinessCheckListener.onContextRefreshedEvent(ReadinessCheckListener.java:138)
	at com.alipay.sofa.healthcheck.ReadinessCheckListener.onApplicationEvent(ReadinessCheckListener.java:127)
	at org.springframework.context.event.SimpleApplicationEventMulticaster.doInvokeListener(SimpleApplicationEventMulticaster.java:176)
	at org.springframework.context.event.SimpleApplicationEventMulticaster.invokeListener(SimpleApplicationEventMulticaster.java:169)
	at org.springframework.context.event.SimpleApplicationEventMulticaster.multicastEvent(SimpleApplicationEventMulticaster.java:143)
	at org.springframework.context.support.AbstractApplicationContext.publishEvent(AbstractApplicationContext.java:421)
	at org.springframework.context.support.AbstractApplicationContext.publishEvent(AbstractApplicationContext.java:378)
	at org.springframework.context.support.AbstractApplicationContext.finishRefresh(AbstractApplicationContext.java:941)
	at org.springframework.context.support.AbstractApplicationContext.refresh(AbstractApplicationContext.java:586)
	at org.springframework.boot.web.servlet.context.ServletWebServerApplicationContext.refresh(ServletWebServerApplicationContext.java:147)
	at org.springframework.boot.SpringApplication.refresh(SpringApplication.java:731)
	at org.springframework.boot.SpringApplication.refreshContext(SpringApplication.java:408)
	at org.springframework.boot.SpringApplication.run(SpringApplication.java:307)
	at org.springframework.boot.SpringApplication.run(SpringApplication.java:1303)
	at org.springframework.boot.SpringApplication.run(SpringApplication.java:1292)
	at com.ProductApplication.main(ProductApplication.java:13)
Caused by: java.lang.IllegalStateException: ERROR: Failed to start the Server!
	at com.alipay.remoting.AbstractRemotingServer.start(AbstractRemotingServer.java:74)
	at com.alipay.sofa.rpc.server.bolt.BoltServer.start(BoltServer.java:116)
	... 28 common frames omitted
Caused by: java.net.BindException: Address already in use: bind
	at sun.nio.ch.Net.bind0(Native Method)
	at sun.nio.ch.Net.bind(Net.java:461)
	at sun.nio.ch.Net.bind(Net.java:453)
	at sun.nio.ch.ServerSocketChannelImpl.bind(ServerSocketChannelImpl.java:222)
	at io.netty.channel.socket.nio.NioServerSocketChannel.doBind(NioServerSocketChannel.java:141)
	at io.netty.channel.AbstractChannel$AbstractUnsafe.bind(AbstractChannel.java:562)
	at io.netty.channel.DefaultChannelPipeline$HeadContext.bind(DefaultChannelPipeline.java:1334)
	at io.netty.channel.AbstractChannelHandlerContext.invokeBind(AbstractChannelHandlerContext.java:600)
	at io.netty.channel.AbstractChannelHandlerContext.bind(AbstractChannelHandlerContext.java:579)
	at io.netty.channel.DefaultChannelPipeline.bind(DefaultChannelPipeline.java:973)
	at io.netty.channel.AbstractChannel.bind(AbstractChannel.java:260)
	at io.netty.bootstrap.AbstractBootstrap$2.run(AbstractBootstrap.java:356)
	at io.netty.util.concurrent.AbstractEventExecutor.runTask(AbstractEventExecutor.java:174)
	at io.netty.util.concurrent.AbstractEventExecutor.safeExecute(AbstractEventExecutor.java:167)
	at io.netty.util.concurrent.SingleThreadEventExecutor.runAllTasks(SingleThreadEventExecutor.java:470)
	at io.netty.channel.nio.NioEventLoop.run(NioEventLoop.java:569)
	at io.netty.util.concurrent.SingleThreadEventExecutor$4.run(SingleThreadEventExecutor.java:997)
	at io.netty.util.internal.ThreadExecutorMap$2.run(ThreadExecutorMap.java:74)
	at java.lang.Thread.run(Thread.java:750)
2023-10-25 13:06:54,577 ERROR main                             - SOFA-BOOT-01-24000: ReadinessCheckCallback readiness check result: failed
2023-10-25 13:06:54,577 ERROR main                             - SOFA-BOOT-01-20000: Readiness check result: fail
2023-10-25 14:02:29,087 ERROR main                             - SOFA-BOOT-01-24002: Error occurred while doing ReadinessCheckCallback[rpcAfterHealthCheckCallback] check
com.alipay.sofa.rpc.core.exception.SofaRpcRuntimeException: RPC-010000025: 启动 bolt 服务失败.请查看 bolt 日志获取更多细节. 
	at com.alipay.sofa.rpc.server.bolt.BoltServer.start(BoltServer.java:133)
	at com.alipay.sofa.rpc.boot.container.ServerConfigContainer.startServers(ServerConfigContainer.java:116)
	at com.alipay.sofa.rpc.boot.context.SofaBootRpcStartListener.onApplicationEvent(SofaBootRpcStartListener.java:79)
	at com.alipay.sofa.rpc.boot.context.SofaBootRpcStartListener.onApplicationEvent(SofaBootRpcStartListener.java:40)
	at org.springframework.context.event.SimpleApplicationEventMulticaster.doInvokeListener(SimpleApplicationEventMulticaster.java:176)
	at org.springframework.context.event.SimpleApplicationEventMulticaster.invokeListener(SimpleApplicationEventMulticaster.java:169)
	at org.springframework.context.event.SimpleApplicationEventMulticaster.multicastEvent(SimpleApplicationEventMulticaster.java:143)
	at org.springframework.context.support.AbstractApplicationContext.publishEvent(AbstractApplicationContext.java:421)
	at org.springframework.context.support.AbstractApplicationContext.publishEvent(AbstractApplicationContext.java:378)
	at com.alipay.sofa.rpc.boot.health.RpcAfterHealthCheckCallback.onHealthy(RpcAfterHealthCheckCallback.java:46)
	at com.alipay.sofa.healthcheck.AfterReadinessCheckCallbackProcessor.doHealthCheckCallback(AfterReadinessCheckCallbackProcessor.java:110)
	at com.alipay.sofa.healthcheck.AfterReadinessCheckCallbackProcessor.afterReadinessCheckCallback(AfterReadinessCheckCallbackProcessor.java:80)
	at com.alipay.sofa.healthcheck.ReadinessCheckListener.readinessHealthCheck(ReadinessCheckListener.java:189)
	at com.alipay.sofa.healthcheck.ReadinessCheckListener.onContextRefreshedEvent(ReadinessCheckListener.java:138)
	at com.alipay.sofa.healthcheck.ReadinessCheckListener.onApplicationEvent(ReadinessCheckListener.java:127)
	at org.springframework.context.event.SimpleApplicationEventMulticaster.doInvokeListener(SimpleApplicationEventMulticaster.java:176)
	at org.springframework.context.event.SimpleApplicationEventMulticaster.invokeListener(SimpleApplicationEventMulticaster.java:169)
	at org.springframework.context.event.SimpleApplicationEventMulticaster.multicastEvent(SimpleApplicationEventMulticaster.java:143)
	at org.springframework.context.support.AbstractApplicationContext.publishEvent(AbstractApplicationContext.java:421)
	at org.springframework.context.support.AbstractApplicationContext.publishEvent(AbstractApplicationContext.java:378)
	at org.springframework.context.support.AbstractApplicationContext.finishRefresh(AbstractApplicationContext.java:941)
	at org.springframework.context.support.AbstractApplicationContext.refresh(AbstractApplicationContext.java:586)
	at org.springframework.boot.web.servlet.context.ServletWebServerApplicationContext.refresh(ServletWebServerApplicationContext.java:147)
	at org.springframework.boot.SpringApplication.refresh(SpringApplication.java:731)
	at org.springframework.boot.SpringApplication.refreshContext(SpringApplication.java:408)
	at org.springframework.boot.SpringApplication.run(SpringApplication.java:307)
	at org.springframework.boot.SpringApplication.run(SpringApplication.java:1303)
	at org.springframework.boot.SpringApplication.run(SpringApplication.java:1292)
	at com.ProductApplication.main(ProductApplication.java:13)
Caused by: java.lang.IllegalStateException: ERROR: Failed to start the Server!
	at com.alipay.remoting.AbstractRemotingServer.start(AbstractRemotingServer.java:74)
	at com.alipay.sofa.rpc.server.bolt.BoltServer.start(BoltServer.java:116)
	... 28 common frames omitted
Caused by: java.net.BindException: Address already in use: bind
	at sun.nio.ch.Net.bind0(Native Method)
	at sun.nio.ch.Net.bind(Net.java:461)
	at sun.nio.ch.Net.bind(Net.java:453)
	at sun.nio.ch.ServerSocketChannelImpl.bind(ServerSocketChannelImpl.java:222)
	at io.netty.channel.socket.nio.NioServerSocketChannel.doBind(NioServerSocketChannel.java:141)
	at io.netty.channel.AbstractChannel$AbstractUnsafe.bind(AbstractChannel.java:562)
	at io.netty.channel.DefaultChannelPipeline$HeadContext.bind(DefaultChannelPipeline.java:1334)
	at io.netty.channel.AbstractChannelHandlerContext.invokeBind(AbstractChannelHandlerContext.java:600)
	at io.netty.channel.AbstractChannelHandlerContext.bind(AbstractChannelHandlerContext.java:579)
	at io.netty.channel.DefaultChannelPipeline.bind(DefaultChannelPipeline.java:973)
	at io.netty.channel.AbstractChannel.bind(AbstractChannel.java:260)
	at io.netty.bootstrap.AbstractBootstrap$2.run(AbstractBootstrap.java:356)
	at io.netty.util.concurrent.AbstractEventExecutor.runTask(AbstractEventExecutor.java:174)
	at io.netty.util.concurrent.AbstractEventExecutor.safeExecute(AbstractEventExecutor.java:167)
	at io.netty.util.concurrent.SingleThreadEventExecutor.runAllTasks(SingleThreadEventExecutor.java:470)
	at io.netty.channel.nio.NioEventLoop.run(NioEventLoop.java:569)
	at io.netty.util.concurrent.SingleThreadEventExecutor$4.run(SingleThreadEventExecutor.java:997)
	at io.netty.util.internal.ThreadExecutorMap$2.run(ThreadExecutorMap.java:74)
	at java.lang.Thread.run(Thread.java:750)
2023-10-25 14:02:29,087 ERROR main                             - SOFA-BOOT-01-24000: ReadinessCheckCallback readiness check result: failed
2023-10-25 14:02:29,087 ERROR main                             - SOFA-BOOT-01-20000: Readiness check result: fail
2023-10-25 14:06:12,346 ERROR main                             - SOFA-BOOT-01-24002: Error occurred while doing ReadinessCheckCallback[rpcAfterHealthCheckCallback] check
com.alipay.sofa.rpc.core.exception.SofaRpcRuntimeException: RPC-010000025: 启动 bolt 服务失败.请查看 bolt 日志获取更多细节. 
	at com.alipay.sofa.rpc.server.bolt.BoltServer.start(BoltServer.java:133)
	at com.alipay.sofa.rpc.boot.container.ServerConfigContainer.startServers(ServerConfigContainer.java:116)
	at com.alipay.sofa.rpc.boot.context.SofaBootRpcStartListener.onApplicationEvent(SofaBootRpcStartListener.java:79)
	at com.alipay.sofa.rpc.boot.context.SofaBootRpcStartListener.onApplicationEvent(SofaBootRpcStartListener.java:40)
	at org.springframework.context.event.SimpleApplicationEventMulticaster.doInvokeListener(SimpleApplicationEventMulticaster.java:176)
	at org.springframework.context.event.SimpleApplicationEventMulticaster.invokeListener(SimpleApplicationEventMulticaster.java:169)
	at org.springframework.context.event.SimpleApplicationEventMulticaster.multicastEvent(SimpleApplicationEventMulticaster.java:143)
	at org.springframework.context.support.AbstractApplicationContext.publishEvent(AbstractApplicationContext.java:421)
	at org.springframework.context.support.AbstractApplicationContext.publishEvent(AbstractApplicationContext.java:378)
	at com.alipay.sofa.rpc.boot.health.RpcAfterHealthCheckCallback.onHealthy(RpcAfterHealthCheckCallback.java:46)
	at com.alipay.sofa.healthcheck.AfterReadinessCheckCallbackProcessor.doHealthCheckCallback(AfterReadinessCheckCallbackProcessor.java:110)
	at com.alipay.sofa.healthcheck.AfterReadinessCheckCallbackProcessor.afterReadinessCheckCallback(AfterReadinessCheckCallbackProcessor.java:80)
	at com.alipay.sofa.healthcheck.ReadinessCheckListener.readinessHealthCheck(ReadinessCheckListener.java:189)
	at com.alipay.sofa.healthcheck.ReadinessCheckListener.onContextRefreshedEvent(ReadinessCheckListener.java:138)
	at com.alipay.sofa.healthcheck.ReadinessCheckListener.onApplicationEvent(ReadinessCheckListener.java:127)
	at org.springframework.context.event.SimpleApplicationEventMulticaster.doInvokeListener(SimpleApplicationEventMulticaster.java:176)
	at org.springframework.context.event.SimpleApplicationEventMulticaster.invokeListener(SimpleApplicationEventMulticaster.java:169)
	at org.springframework.context.event.SimpleApplicationEventMulticaster.multicastEvent(SimpleApplicationEventMulticaster.java:143)
	at org.springframework.context.support.AbstractApplicationContext.publishEvent(AbstractApplicationContext.java:421)
	at org.springframework.context.support.AbstractApplicationContext.publishEvent(AbstractApplicationContext.java:378)
	at org.springframework.context.support.AbstractApplicationContext.finishRefresh(AbstractApplicationContext.java:941)
	at org.springframework.context.support.AbstractApplicationContext.refresh(AbstractApplicationContext.java:586)
	at org.springframework.boot.web.servlet.context.ServletWebServerApplicationContext.refresh(ServletWebServerApplicationContext.java:147)
	at org.springframework.boot.SpringApplication.refresh(SpringApplication.java:731)
	at org.springframework.boot.SpringApplication.refreshContext(SpringApplication.java:408)
	at org.springframework.boot.SpringApplication.run(SpringApplication.java:307)
	at org.springframework.boot.SpringApplication.run(SpringApplication.java:1303)
	at org.springframework.boot.SpringApplication.run(SpringApplication.java:1292)
	at com.ProductApplication.main(ProductApplication.java:13)
Caused by: java.lang.IllegalStateException: ERROR: Failed to start the Server!
	at com.alipay.remoting.AbstractRemotingServer.start(AbstractRemotingServer.java:74)
	at com.alipay.sofa.rpc.server.bolt.BoltServer.start(BoltServer.java:116)
	... 28 common frames omitted
Caused by: java.net.BindException: Address already in use: bind
	at sun.nio.ch.Net.bind0(Native Method)
	at sun.nio.ch.Net.bind(Net.java:461)
	at sun.nio.ch.Net.bind(Net.java:453)
	at sun.nio.ch.ServerSocketChannelImpl.bind(ServerSocketChannelImpl.java:222)
	at io.netty.channel.socket.nio.NioServerSocketChannel.doBind(NioServerSocketChannel.java:141)
	at io.netty.channel.AbstractChannel$AbstractUnsafe.bind(AbstractChannel.java:562)
	at io.netty.channel.DefaultChannelPipeline$HeadContext.bind(DefaultChannelPipeline.java:1334)
	at io.netty.channel.AbstractChannelHandlerContext.invokeBind(AbstractChannelHandlerContext.java:600)
	at io.netty.channel.AbstractChannelHandlerContext.bind(AbstractChannelHandlerContext.java:579)
	at io.netty.channel.DefaultChannelPipeline.bind(DefaultChannelPipeline.java:973)
	at io.netty.channel.AbstractChannel.bind(AbstractChannel.java:260)
	at io.netty.bootstrap.AbstractBootstrap$2.run(AbstractBootstrap.java:356)
	at io.netty.util.concurrent.AbstractEventExecutor.runTask$$$capture(AbstractEventExecutor.java:174)
	at io.netty.util.concurrent.AbstractEventExecutor.runTask(AbstractEventExecutor.java)
	at io.netty.util.concurrent.AbstractEventExecutor.safeExecute$$$capture(AbstractEventExecutor.java:167)
	at io.netty.util.concurrent.AbstractEventExecutor.safeExecute(AbstractEventExecutor.java)
	at io.netty.util.concurrent.SingleThreadEventExecutor.runAllTasks(SingleThreadEventExecutor.java:470)
	at io.netty.channel.nio.NioEventLoop.run(NioEventLoop.java:569)
	at io.netty.util.concurrent.SingleThreadEventExecutor$4.run(SingleThreadEventExecutor.java:997)
	at io.netty.util.internal.ThreadExecutorMap$2.run(ThreadExecutorMap.java:74)
	at java.lang.Thread.run(Thread.java:750)
2023-10-25 14:06:12,346 ERROR main                             - SOFA-BOOT-01-24000: ReadinessCheckCallback readiness check result: failed
2023-10-25 14:06:12,346 ERROR main                             - SOFA-BOOT-01-20000: Readiness check result: fail
2023-10-25 14:38:52,415 ERROR main                             - SOFA-BOOT-01-24002: Error occurred while doing ReadinessCheckCallback[rpcAfterHealthCheckCallback] check
com.alipay.sofa.rpc.core.exception.SofaRpcRuntimeException: RPC-010000025: 启动 bolt 服务失败.请查看 bolt 日志获取更多细节. 
	at com.alipay.sofa.rpc.server.bolt.BoltServer.start(BoltServer.java:133)
	at com.alipay.sofa.rpc.boot.container.ServerConfigContainer.startServers(ServerConfigContainer.java:116)
	at com.alipay.sofa.rpc.boot.context.SofaBootRpcStartListener.onApplicationEvent(SofaBootRpcStartListener.java:79)
	at com.alipay.sofa.rpc.boot.context.SofaBootRpcStartListener.onApplicationEvent(SofaBootRpcStartListener.java:40)
	at org.springframework.context.event.SimpleApplicationEventMulticaster.doInvokeListener(SimpleApplicationEventMulticaster.java:176)
	at org.springframework.context.event.SimpleApplicationEventMulticaster.invokeListener(SimpleApplicationEventMulticaster.java:169)
	at org.springframework.context.event.SimpleApplicationEventMulticaster.multicastEvent(SimpleApplicationEventMulticaster.java:143)
	at org.springframework.context.support.AbstractApplicationContext.publishEvent(AbstractApplicationContext.java:421)
	at org.springframework.context.support.AbstractApplicationContext.publishEvent(AbstractApplicationContext.java:378)
	at com.alipay.sofa.rpc.boot.health.RpcAfterHealthCheckCallback.onHealthy(RpcAfterHealthCheckCallback.java:46)
	at com.alipay.sofa.healthcheck.AfterReadinessCheckCallbackProcessor.doHealthCheckCallback(AfterReadinessCheckCallbackProcessor.java:110)
	at com.alipay.sofa.healthcheck.AfterReadinessCheckCallbackProcessor.afterReadinessCheckCallback(AfterReadinessCheckCallbackProcessor.java:80)
	at com.alipay.sofa.healthcheck.ReadinessCheckListener.readinessHealthCheck(ReadinessCheckListener.java:189)
	at com.alipay.sofa.healthcheck.ReadinessCheckListener.onContextRefreshedEvent(ReadinessCheckListener.java:138)
	at com.alipay.sofa.healthcheck.ReadinessCheckListener.onApplicationEvent(ReadinessCheckListener.java:127)
	at org.springframework.context.event.SimpleApplicationEventMulticaster.doInvokeListener(SimpleApplicationEventMulticaster.java:176)
	at org.springframework.context.event.SimpleApplicationEventMulticaster.invokeListener(SimpleApplicationEventMulticaster.java:169)
	at org.springframework.context.event.SimpleApplicationEventMulticaster.multicastEvent(SimpleApplicationEventMulticaster.java:143)
	at org.springframework.context.support.AbstractApplicationContext.publishEvent(AbstractApplicationContext.java:421)
	at org.springframework.context.support.AbstractApplicationContext.publishEvent(AbstractApplicationContext.java:378)
	at org.springframework.context.support.AbstractApplicationContext.finishRefresh(AbstractApplicationContext.java:941)
	at org.springframework.context.support.AbstractApplicationContext.refresh(AbstractApplicationContext.java:586)
	at org.springframework.boot.web.servlet.context.ServletWebServerApplicationContext.refresh(ServletWebServerApplicationContext.java:147)
	at org.springframework.boot.SpringApplication.refresh(SpringApplication.java:731)
	at org.springframework.boot.SpringApplication.refreshContext(SpringApplication.java:408)
	at org.springframework.boot.SpringApplication.run(SpringApplication.java:307)
	at org.springframework.boot.SpringApplication.run(SpringApplication.java:1303)
	at org.springframework.boot.SpringApplication.run(SpringApplication.java:1292)
	at com.ProductApplication.main(ProductApplication.java:13)
Caused by: java.lang.IllegalStateException: ERROR: Failed to start the Server!
	at com.alipay.remoting.AbstractRemotingServer.start(AbstractRemotingServer.java:74)
	at com.alipay.sofa.rpc.server.bolt.BoltServer.start(BoltServer.java:116)
	... 28 common frames omitted
Caused by: java.net.BindException: Address already in use: bind
	at sun.nio.ch.Net.bind0(Native Method)
	at sun.nio.ch.Net.bind(Net.java:461)
	at sun.nio.ch.Net.bind(Net.java:453)
	at sun.nio.ch.ServerSocketChannelImpl.bind(ServerSocketChannelImpl.java:222)
	at io.netty.channel.socket.nio.NioServerSocketChannel.doBind(NioServerSocketChannel.java:141)
	at io.netty.channel.AbstractChannel$AbstractUnsafe.bind(AbstractChannel.java:562)
	at io.netty.channel.DefaultChannelPipeline$HeadContext.bind(DefaultChannelPipeline.java:1334)
	at io.netty.channel.AbstractChannelHandlerContext.invokeBind(AbstractChannelHandlerContext.java:600)
	at io.netty.channel.AbstractChannelHandlerContext.bind(AbstractChannelHandlerContext.java:579)
	at io.netty.channel.DefaultChannelPipeline.bind(DefaultChannelPipeline.java:973)
	at io.netty.channel.AbstractChannel.bind(AbstractChannel.java:260)
	at io.netty.bootstrap.AbstractBootstrap$2.run(AbstractBootstrap.java:356)
	at io.netty.util.concurrent.AbstractEventExecutor.runTask$$$capture(AbstractEventExecutor.java:174)
	at io.netty.util.concurrent.AbstractEventExecutor.runTask(AbstractEventExecutor.java)
	at io.netty.util.concurrent.AbstractEventExecutor.safeExecute$$$capture(AbstractEventExecutor.java:167)
	at io.netty.util.concurrent.AbstractEventExecutor.safeExecute(AbstractEventExecutor.java)
	at io.netty.util.concurrent.SingleThreadEventExecutor.runAllTasks(SingleThreadEventExecutor.java:470)
	at io.netty.channel.nio.NioEventLoop.run(NioEventLoop.java:569)
	at io.netty.util.concurrent.SingleThreadEventExecutor$4.run(SingleThreadEventExecutor.java:997)
	at io.netty.util.internal.ThreadExecutorMap$2.run(ThreadExecutorMap.java:74)
	at java.lang.Thread.run(Thread.java:750)
2023-10-25 14:38:52,415 ERROR main                             - SOFA-BOOT-01-24000: ReadinessCheckCallback readiness check result: failed
2023-10-25 14:38:52,415 ERROR main                             - SOFA-BOOT-01-20000: Readiness check result: fail
2023-10-25 14:52:31,359 ERROR main                             - SOFA-BOOT-01-24002: Error occurred while doing ReadinessCheckCallback[rpcAfterHealthCheckCallback] check
com.alipay.sofa.rpc.core.exception.SofaRpcRuntimeException: RPC-010000025: 启动 bolt 服务失败.请查看 bolt 日志获取更多细节. 
	at com.alipay.sofa.rpc.server.bolt.BoltServer.start(BoltServer.java:133)
	at com.alipay.sofa.rpc.boot.container.ServerConfigContainer.startServers(ServerConfigContainer.java:116)
	at com.alipay.sofa.rpc.boot.context.SofaBootRpcStartListener.onApplicationEvent(SofaBootRpcStartListener.java:79)
	at com.alipay.sofa.rpc.boot.context.SofaBootRpcStartListener.onApplicationEvent(SofaBootRpcStartListener.java:40)
	at org.springframework.context.event.SimpleApplicationEventMulticaster.doInvokeListener(SimpleApplicationEventMulticaster.java:176)
	at org.springframework.context.event.SimpleApplicationEventMulticaster.invokeListener(SimpleApplicationEventMulticaster.java:169)
	at org.springframework.context.event.SimpleApplicationEventMulticaster.multicastEvent(SimpleApplicationEventMulticaster.java:143)
	at org.springframework.context.support.AbstractApplicationContext.publishEvent(AbstractApplicationContext.java:421)
	at org.springframework.context.support.AbstractApplicationContext.publishEvent(AbstractApplicationContext.java:378)
	at com.alipay.sofa.rpc.boot.health.RpcAfterHealthCheckCallback.onHealthy(RpcAfterHealthCheckCallback.java:46)
	at com.alipay.sofa.healthcheck.AfterReadinessCheckCallbackProcessor.doHealthCheckCallback(AfterReadinessCheckCallbackProcessor.java:110)
	at com.alipay.sofa.healthcheck.AfterReadinessCheckCallbackProcessor.afterReadinessCheckCallback(AfterReadinessCheckCallbackProcessor.java:80)
	at com.alipay.sofa.healthcheck.ReadinessCheckListener.readinessHealthCheck(ReadinessCheckListener.java:189)
	at com.alipay.sofa.healthcheck.ReadinessCheckListener.onContextRefreshedEvent(ReadinessCheckListener.java:138)
	at com.alipay.sofa.healthcheck.ReadinessCheckListener.onApplicationEvent(ReadinessCheckListener.java:127)
	at org.springframework.context.event.SimpleApplicationEventMulticaster.doInvokeListener(SimpleApplicationEventMulticaster.java:176)
	at org.springframework.context.event.SimpleApplicationEventMulticaster.invokeListener(SimpleApplicationEventMulticaster.java:169)
	at org.springframework.context.event.SimpleApplicationEventMulticaster.multicastEvent(SimpleApplicationEventMulticaster.java:143)
	at org.springframework.context.support.AbstractApplicationContext.publishEvent(AbstractApplicationContext.java:421)
	at org.springframework.context.support.AbstractApplicationContext.publishEvent(AbstractApplicationContext.java:378)
	at org.springframework.context.support.AbstractApplicationContext.finishRefresh(AbstractApplicationContext.java:941)
	at org.springframework.context.support.AbstractApplicationContext.refresh(AbstractApplicationContext.java:586)
	at org.springframework.boot.web.servlet.context.ServletWebServerApplicationContext.refresh(ServletWebServerApplicationContext.java:147)
	at org.springframework.boot.SpringApplication.refresh(SpringApplication.java:731)
	at org.springframework.boot.SpringApplication.refreshContext(SpringApplication.java:408)
	at org.springframework.boot.SpringApplication.run(SpringApplication.java:307)
	at org.springframework.boot.SpringApplication.run(SpringApplication.java:1303)
	at org.springframework.boot.SpringApplication.run(SpringApplication.java:1292)
	at com.ProductApplication.main(ProductApplication.java:13)
Caused by: java.lang.IllegalStateException: ERROR: Failed to start the Server!
	at com.alipay.remoting.AbstractRemotingServer.start(AbstractRemotingServer.java:74)
	at com.alipay.sofa.rpc.server.bolt.BoltServer.start(BoltServer.java:116)
	... 28 common frames omitted
Caused by: java.net.BindException: Address already in use: bind
	at sun.nio.ch.Net.bind0(Native Method)
	at sun.nio.ch.Net.bind(Net.java:461)
	at sun.nio.ch.Net.bind(Net.java:453)
	at sun.nio.ch.ServerSocketChannelImpl.bind(ServerSocketChannelImpl.java:222)
	at io.netty.channel.socket.nio.NioServerSocketChannel.doBind(NioServerSocketChannel.java:141)
	at io.netty.channel.AbstractChannel$AbstractUnsafe.bind(AbstractChannel.java:562)
	at io.netty.channel.DefaultChannelPipeline$HeadContext.bind(DefaultChannelPipeline.java:1334)
	at io.netty.channel.AbstractChannelHandlerContext.invokeBind(AbstractChannelHandlerContext.java:600)
	at io.netty.channel.AbstractChannelHandlerContext.bind(AbstractChannelHandlerContext.java:579)
	at io.netty.channel.DefaultChannelPipeline.bind(DefaultChannelPipeline.java:973)
	at io.netty.channel.AbstractChannel.bind(AbstractChannel.java:260)
	at io.netty.bootstrap.AbstractBootstrap$2.run(AbstractBootstrap.java:356)
	at io.netty.util.concurrent.AbstractEventExecutor.runTask$$$capture(AbstractEventExecutor.java:174)
	at io.netty.util.concurrent.AbstractEventExecutor.runTask(AbstractEventExecutor.java)
	at io.netty.util.concurrent.AbstractEventExecutor.safeExecute$$$capture(AbstractEventExecutor.java:167)
	at io.netty.util.concurrent.AbstractEventExecutor.safeExecute(AbstractEventExecutor.java)
	at io.netty.util.concurrent.SingleThreadEventExecutor.runAllTasks(SingleThreadEventExecutor.java:470)
	at io.netty.channel.nio.NioEventLoop.run(NioEventLoop.java:569)
	at io.netty.util.concurrent.SingleThreadEventExecutor$4.run(SingleThreadEventExecutor.java:997)
	at io.netty.util.internal.ThreadExecutorMap$2.run(ThreadExecutorMap.java:74)
	at java.lang.Thread.run(Thread.java:750)
2023-10-25 14:52:31,359 ERROR main                             - SOFA-BOOT-01-24000: ReadinessCheckCallback readiness check result: failed
2023-10-25 14:52:31,360 ERROR main                             - SOFA-BOOT-01-20000: Readiness check result: fail
