2023-10-20 13:43:23,236 INFO  main                             - Create health-check thread pool, corePoolSize: 1, maxPoolSize: 1.
2023-10-20 13:43:24,062 INFO  main                             - Found 1 HealthChecker implementation:sofaComponentHealthChecker
2023-10-20 13:43:24,063 INFO  main                             - Found 3 HealthIndicator implementation:diskSpaceHealthIndicator,pingHealthContributor,redisHealthContributor
2023-10-20 13:43:24,063 INFO  main                             - Found 0 ReadinessCheckCallback implementation: 
2023-10-20 13:43:24,064 INFO  main                             - Begin SOFABoot HealthChecker readiness check.
2023-10-20 13:43:24,064 INFO  main                             - SOFABoot HealthChecker readiness check 1 item: SOFABoot-Components.
2023-10-20 13:43:24,065 INFO  main                             - HealthChecker[sofaComponentHealthChecker] readiness check start.
2023-10-20 13:43:24,067 INFO  main                             - HealthChecker[sofaComponentHealthChecker] readiness check success with 0 retry.
2023-10-20 13:43:24,067 INFO  main                             - SOFABoot HealthChecker readiness check result: success.
2023-10-20 13:43:24,067 INFO  main                             - Begin SOFABoot HealthIndicator readiness check.
2023-10-20 13:43:24,068 INFO  main                             - SOFABoot HealthIndicator readiness check 3 item: diskSpaceHealthIndicator,pingHealthContributor,redisHealthContributor.
2023-10-20 13:43:24,068 INFO  main                             - HealthIndicator[diskSpaceHealthIndicator] readiness check start.
2023-10-20 13:43:24,070 INFO  main                             - HealthIndicator[diskSpaceHealthIndicator] readiness check success.
2023-10-20 13:43:24,070 INFO  main                             - HealthIndicator[pingHealthContributor] readiness check start.
2023-10-20 13:43:24,070 INFO  main                             - HealthIndicator[pingHealthContributor] readiness check success.
2023-10-20 13:43:24,070 INFO  main                             - HealthIndicator[redisHealthContributor] readiness check start.
2023-10-20 13:43:24,837 INFO  main                             - HealthIndicator[redisHealthContributor] readiness check success.
2023-10-20 13:43:24,838 INFO  main                             - SOFABoot HealthIndicator readiness check result: success.
2023-10-20 13:43:24,838 INFO  main                             - Invoking all readiness check callbacks...
2023-10-20 13:43:24,838 INFO  main                             - Begin ReadinessCheckCallback readiness check
2023-10-20 13:43:24,838 INFO  main                             - ReadinessCheckCallback readiness check result: success.
2023-10-20 13:43:24,839 INFO  main                             - Readiness check result: success
2023-10-20 13:43:25,589 INFO  RMI TCP Connection(3)-172.20.10.3 - Begin SOFABoot HealthChecker liveness check.
2023-10-20 13:43:25,590 INFO  RMI TCP Connection(3)-172.20.10.3 - SOFABoot HealthChecker liveness check 1 item: SOFABoot-Components.
2023-10-20 13:43:25,590 INFO  RMI TCP Connection(3)-172.20.10.3 - HealthChecker[sofaComponentHealthChecker] liveness check start.
2023-10-20 13:43:25,591 INFO  RMI TCP Connection(3)-172.20.10.3 - HealthChecker[sofaComponentHealthChecker] liveness check success with 0 retry.
2023-10-20 13:43:25,591 INFO  RMI TCP Connection(3)-172.20.10.3 - SOFABoot HealthChecker liveness check result: success.
2023-10-20 13:47:37,891 INFO  main                             - Create health-check thread pool, corePoolSize: 1, maxPoolSize: 1.
2023-10-20 13:47:38,646 INFO  main                             - Found 1 HealthChecker implementation:sofaComponentHealthChecker
2023-10-20 13:47:38,648 INFO  main                             - Found 3 HealthIndicator implementation:diskSpaceHealthIndicator,pingHealthContributor,redisHealthContributor
2023-10-20 13:47:38,648 INFO  main                             - Found 0 ReadinessCheckCallback implementation: 
2023-10-20 13:47:38,648 INFO  main                             - Begin SOFABoot HealthChecker readiness check.
2023-10-20 13:47:38,649 INFO  main                             - SOFABoot HealthChecker readiness check 1 item: SOFABoot-Components.
2023-10-20 13:47:38,649 INFO  main                             - HealthChecker[sofaComponentHealthChecker] readiness check start.
2023-10-20 13:47:38,652 INFO  main                             - HealthChecker[sofaComponentHealthChecker] readiness check success with 0 retry.
2023-10-20 13:47:38,652 INFO  main                             - SOFABoot HealthChecker readiness check result: success.
2023-10-20 13:47:38,652 INFO  main                             - Begin SOFABoot HealthIndicator readiness check.
2023-10-20 13:47:38,652 INFO  main                             - SOFABoot HealthIndicator readiness check 3 item: diskSpaceHealthIndicator,pingHealthContributor,redisHealthContributor.
2023-10-20 13:47:38,653 INFO  main                             - HealthIndicator[diskSpaceHealthIndicator] readiness check start.
2023-10-20 13:47:38,654 INFO  main                             - HealthIndicator[diskSpaceHealthIndicator] readiness check success.
2023-10-20 13:47:38,655 INFO  main                             - HealthIndicator[pingHealthContributor] readiness check start.
2023-10-20 13:47:38,655 INFO  main                             - HealthIndicator[pingHealthContributor] readiness check success.
2023-10-20 13:47:38,655 INFO  main                             - HealthIndicator[redisHealthContributor] readiness check start.
2023-10-20 13:47:39,292 INFO  main                             - HealthIndicator[redisHealthContributor] readiness check success.
2023-10-20 13:47:39,292 INFO  main                             - SOFABoot HealthIndicator readiness check result: success.
2023-10-20 13:47:39,293 INFO  main                             - Invoking all readiness check callbacks...
2023-10-20 13:47:39,293 INFO  main                             - Begin ReadinessCheckCallback readiness check
2023-10-20 13:47:39,293 INFO  main                             - ReadinessCheckCallback readiness check result: success.
2023-10-20 13:47:39,294 INFO  main                             - Readiness check result: success
2023-10-20 13:47:39,878 INFO  RMI TCP Connection(2)-172.20.10.3 - Begin SOFABoot HealthChecker liveness check.
2023-10-20 13:47:39,879 INFO  RMI TCP Connection(2)-172.20.10.3 - SOFABoot HealthChecker liveness check 1 item: SOFABoot-Components.
2023-10-20 13:47:39,879 INFO  RMI TCP Connection(2)-172.20.10.3 - HealthChecker[sofaComponentHealthChecker] liveness check start.
2023-10-20 13:47:39,879 INFO  RMI TCP Connection(2)-172.20.10.3 - HealthChecker[sofaComponentHealthChecker] liveness check success with 0 retry.
2023-10-20 13:47:39,880 INFO  RMI TCP Connection(2)-172.20.10.3 - SOFABoot HealthChecker liveness check result: success.
