2023-10-18 14:13:42,977 INFO  main                             - Create health-check thread pool, corePoolSize: 1, maxPoolSize: 1.
2023-10-18 14:13:45,168 INFO  main                             - Found 1 HealthChecker implementation:sofaComponentHealthChecker
2023-10-18 14:13:45,170 INFO  main                             - Found 2 HealthIndicator implementation:diskSpaceHealthIndicator,pingHealthContributor
2023-10-18 14:13:45,170 INFO  main                             - Found 0 ReadinessCheckCallback implementation: 
2023-10-18 14:13:45,171 INFO  main                             - Begin SOFABoot HealthChecker readiness check.
2023-10-18 14:13:45,172 INFO  main                             - SOFABoot HealthChecker readiness check 1 item: SOFABoot-Components.
2023-10-18 14:13:45,173 INFO  main                             - HealthChecker[sofaComponentHealthChecker] readiness check start.
2023-10-18 14:13:45,175 INFO  main                             - HealthChecker[sofaComponentHealthChecker] readiness check success with 0 retry.
2023-10-18 14:13:45,175 INFO  main                             - SOFABoot HealthChecker readiness check result: success.
2023-10-18 14:13:45,176 INFO  main                             - Begin SOFABoot HealthIndicator readiness check.
2023-10-18 14:13:45,176 INFO  main                             - SOFABoot HealthIndicator readiness check 2 item: diskSpaceHealthIndicator,pingHealthContributor.
2023-10-18 14:13:45,176 INFO  main                             - HealthIndicator[diskSpaceHealthIndicator] readiness check start.
2023-10-18 14:13:45,178 INFO  main                             - HealthIndicator[diskSpaceHealthIndicator] readiness check success.
2023-10-18 14:13:45,178 INFO  main                             - HealthIndicator[pingHealthContributor] readiness check start.
2023-10-18 14:13:45,179 INFO  main                             - HealthIndicator[pingHealthContributor] readiness check success.
2023-10-18 14:13:45,179 INFO  main                             - SOFABoot HealthIndicator readiness check result: success.
2023-10-18 14:13:45,179 INFO  main                             - Invoking all readiness check callbacks...
2023-10-18 14:13:45,179 INFO  main                             - Begin ReadinessCheckCallback readiness check
2023-10-18 14:13:45,179 INFO  main                             - ReadinessCheckCallback readiness check result: success.
2023-10-18 14:13:45,179 INFO  main                             - Readiness check result: success
2023-10-18 16:41:28,044 INFO  main                             - Create health-check thread pool, corePoolSize: 1, maxPoolSize: 1.
2023-10-18 16:41:30,320 INFO  main                             - Found 1 HealthChecker implementation:sofaComponentHealthChecker
2023-10-18 16:41:30,322 INFO  main                             - Found 3 HealthIndicator implementation:diskSpaceHealthIndicator,pingHealthContributor,redisHealthContributor
2023-10-18 16:41:30,323 INFO  main                             - Found 0 ReadinessCheckCallback implementation: 
2023-10-18 16:41:30,323 INFO  main                             - Begin SOFABoot HealthChecker readiness check.
2023-10-18 16:41:30,323 INFO  main                             - SOFABoot HealthChecker readiness check 1 item: SOFABoot-Components.
2023-10-18 16:41:30,324 INFO  main                             - HealthChecker[sofaComponentHealthChecker] readiness check start.
2023-10-18 16:41:30,327 INFO  main                             - HealthChecker[sofaComponentHealthChecker] readiness check success with 0 retry.
2023-10-18 16:41:30,327 INFO  main                             - SOFABoot HealthChecker readiness check result: success.
2023-10-18 16:41:30,327 INFO  main                             - Begin SOFABoot HealthIndicator readiness check.
2023-10-18 16:41:30,327 INFO  main                             - SOFABoot HealthIndicator readiness check 3 item: diskSpaceHealthIndicator,pingHealthContributor,redisHealthContributor.
2023-10-18 16:41:30,327 INFO  main                             - HealthIndicator[diskSpaceHealthIndicator] readiness check start.
2023-10-18 16:41:30,330 INFO  main                             - HealthIndicator[diskSpaceHealthIndicator] readiness check success.
2023-10-18 16:41:30,330 INFO  main                             - HealthIndicator[pingHealthContributor] readiness check start.
2023-10-18 16:41:30,330 INFO  main                             - HealthIndicator[pingHealthContributor] readiness check success.
2023-10-18 16:41:30,330 INFO  main                             - HealthIndicator[redisHealthContributor] readiness check start.
2023-10-18 16:41:31,188 INFO  main                             - HealthIndicator[redisHealthContributor] readiness check success.
2023-10-18 16:41:31,188 INFO  main                             - SOFABoot HealthIndicator readiness check result: success.
2023-10-18 16:41:31,189 INFO  main                             - Invoking all readiness check callbacks...
2023-10-18 16:41:31,189 INFO  main                             - Begin ReadinessCheckCallback readiness check
2023-10-18 16:41:31,189 INFO  main                             - ReadinessCheckCallback readiness check result: success.
2023-10-18 16:41:31,190 INFO  main                             - Readiness check result: success
